/*C21*/SET SCHEMA PUBLIC
INSERT INTO USER VALUES(20005,'f','3c769076379fffb8cc859d2d4230b50d','GYcn3yj9dUkpYqc7TFnS1w==')
COMMIT
INSERT INTO USER VALUES(20006,'g','66f1ecf44054ef115ea68d5a15dcbc62','jvvgQ3EZREXqExMFgKsqBA==')
COMMIT
DISCONNECT
/*C20*/SET SCHEMA PUBLIC
DISCONNECT
/*C19*/SET SCHEMA PUBLIC
DISCONNECT
/*C18*/SET SCHEMA PUBLIC
DISCONNECT
/*C17*/SET SCHEMA PUBLIC
DISCONNECT
/*C16*/SET SCHEMA PUBLIC
DISCONNECT
/*C15*/SET SCHEMA PUBLIC
DISCONNECT
/*C14*/SET SCHEMA PUBLIC
DISCONNECT
/*C13*/SET SCHEMA PUBLIC
DISCONNECT
/*C12*/SET SCHEMA PUBLIC
DISCONNECT
