23-Sep-2018 10:09:08.456 信息 [main] org.apache.catalina.startup.VersionLoggerListener.log Server version:        Apache Tomcat/8.5.23
23-Sep-2018 10:09:08.463 信息 [main] org.apache.catalina.startup.VersionLoggerListener.log Server built:          Sep 28 2017 10:30:11 UTC
23-Sep-2018 10:09:08.463 信息 [main] org.apache.catalina.startup.VersionLoggerListener.log Server number:         8.5.23.0
23-Sep-2018 10:09:08.464 信息 [main] org.apache.catalina.startup.VersionLoggerListener.log OS Name:               Windows 10
23-Sep-2018 10:09:08.464 信息 [main] org.apache.catalina.startup.VersionLoggerListener.log OS Version:            10.0
23-Sep-2018 10:09:08.464 信息 [main] org.apache.catalina.startup.VersionLoggerListener.log Architecture:          x86
23-Sep-2018 10:09:08.464 信息 [main] org.apache.catalina.startup.VersionLoggerListener.log Java Home:             D:\software\jdk8\jre
23-Sep-2018 10:09:08.464 信息 [main] org.apache.catalina.startup.VersionLoggerListener.log JVM Version:           1.8.0_65-b17
23-Sep-2018 10:09:08.464 信息 [main] org.apache.catalina.startup.VersionLoggerListener.log JVM Vendor:            Oracle Corporation
23-Sep-2018 10:09:08.465 信息 [main] org.apache.catalina.startup.VersionLoggerListener.log CATALINA_BASE:         E:\project\tmall_springboot\tomcat-8.5.23
23-Sep-2018 10:09:08.465 信息 [main] org.apache.catalina.startup.VersionLoggerListener.log CATALINA_HOME:         E:\project\tmall_springboot\tomcat-8.5.23
23-Sep-2018 10:09:08.465 信息 [main] org.apache.catalina.startup.VersionLoggerListener.log Command line argument: -Djava.util.logging.config.file=E:\project\tmall_springboot\tomcat-8.5.23\conf\logging.properties
23-Sep-2018 10:09:08.465 信息 [main] org.apache.catalina.startup.VersionLoggerListener.log Command line argument: -Djava.util.logging.manager=org.apache.juli.ClassLoaderLogManager
23-Sep-2018 10:09:08.465 信息 [main] org.apache.catalina.startup.VersionLoggerListener.log Command line argument: -Djdk.tls.ephemeralDHKeySize=2048
23-Sep-2018 10:09:08.465 信息 [main] org.apache.catalina.startup.VersionLoggerListener.log Command line argument: -Djava.protocol.handler.pkgs=org.apache.catalina.webresources
23-Sep-2018 10:09:08.465 信息 [main] org.apache.catalina.startup.VersionLoggerListener.log Command line argument: -Dcatalina.base=E:\project\tmall_springboot\tomcat-8.5.23
23-Sep-2018 10:09:08.466 信息 [main] org.apache.catalina.startup.VersionLoggerListener.log Command line argument: -Dcatalina.home=E:\project\tmall_springboot\tomcat-8.5.23
23-Sep-2018 10:09:08.467 信息 [main] org.apache.catalina.startup.VersionLoggerListener.log Command line argument: -Djava.io.tmpdir=E:\project\tmall_springboot\tomcat-8.5.23\temp
23-Sep-2018 10:09:08.468 信息 [main] org.apache.catalina.core.AprLifecycleListener.lifecycleEvent The APR based Apache Tomcat Native library which allows optimal performance in production environments was not found on the java.library.path: [D:\software\jdk8\bin;C:\Windows\Sun\Java\bin;C:\Windows\system32;C:\Windows;D:\software\jdk8\bin;C:\ProgramData\Oracle\Java\javapath;C:\Windows\system32;C:\Windows;C:\Windows\System32\Wbem;C:\Windows\System32\WindowsPowerShell\v1.0\;C:\Program Files (x86)\NVIDIA Corporation\PhysX\Common;D:\software\apache-maven-3.5.0\bin;d:\software\Git\cmd;C:\Program Files\SourceGear\Common\DiffMerge\;D:/software/winrar;C:\Program Files\nodejs\;C:\Users\X7TI\AppData\Local\Microsoft\WindowsApps;C:\Wind\Wind.NET.Client\WindNET\bin\;C:\Wind\WWT\bin\;C:\Users\X7TI\AppData\Roaming\npm;.]
23-Sep-2018 10:09:08.571 信息 [main] org.apache.coyote.AbstractProtocol.init Initializing ProtocolHandler ["http-nio-8080"]
23-Sep-2018 10:09:08.635 信息 [main] org.apache.tomcat.util.net.NioSelectorPool.getSharedSelector Using a shared selector for servlet write/read
23-Sep-2018 10:09:08.637 信息 [main] org.apache.coyote.AbstractProtocol.init Initializing ProtocolHandler ["ajp-nio-9009"]
23-Sep-2018 10:09:08.639 信息 [main] org.apache.tomcat.util.net.NioSelectorPool.getSharedSelector Using a shared selector for servlet write/read
23-Sep-2018 10:09:08.640 信息 [main] org.apache.catalina.startup.Catalina.load Initialization processed in 437 ms
23-Sep-2018 10:09:08.661 信息 [main] org.apache.catalina.core.StandardService.startInternal Starting service [Catalina]
23-Sep-2018 10:09:08.661 信息 [main] org.apache.catalina.core.StandardEngine.startInternal Starting Servlet Engine: Apache Tomcat/8.5.23
23-Sep-2018 10:09:08.669 信息 [localhost-startStop-1] org.apache.catalina.startup.HostConfig.deployDirectory Deploying web application directory [E:\project\tmall_springboot\tomcat-8.5.23\webapps\tmall_springboot]
23-Sep-2018 10:09:13.627 信息 [localhost-startStop-1] org.apache.jasper.servlet.TldScanner.scanJars At least one JAR was scanned for TLDs yet contained no TLDs. Enable debug logging for this logger for a complete list of JARs that were scanned but no TLDs were found in them. Skipping unneeded JARs during scanning can improve startup time and JSP compilation time.
23-Sep-2018 11:09:26.653 信息 [main] org.apache.catalina.startup.VersionLoggerListener.log Server version:        Apache Tomcat/8.5.23
23-Sep-2018 11:09:26.659 信息 [main] org.apache.catalina.startup.VersionLoggerListener.log Server built:          Sep 28 2017 10:30:11 UTC
23-Sep-2018 11:09:26.659 信息 [main] org.apache.catalina.startup.VersionLoggerListener.log Server number:         8.5.23.0
23-Sep-2018 11:09:26.660 信息 [main] org.apache.catalina.startup.VersionLoggerListener.log OS Name:               Windows 10
23-Sep-2018 11:09:26.660 信息 [main] org.apache.catalina.startup.VersionLoggerListener.log OS Version:            10.0
23-Sep-2018 11:09:26.660 信息 [main] org.apache.catalina.startup.VersionLoggerListener.log Architecture:          x86
23-Sep-2018 11:09:26.660 信息 [main] org.apache.catalina.startup.VersionLoggerListener.log Java Home:             D:\software\jdk8\jre
23-Sep-2018 11:09:26.660 信息 [main] org.apache.catalina.startup.VersionLoggerListener.log JVM Version:           1.8.0_65-b17
23-Sep-2018 11:09:26.660 信息 [main] org.apache.catalina.startup.VersionLoggerListener.log JVM Vendor:            Oracle Corporation
23-Sep-2018 11:09:26.660 信息 [main] org.apache.catalina.startup.VersionLoggerListener.log CATALINA_BASE:         E:\project\tmall_springboot\local\tomcat-8.5.23
23-Sep-2018 11:09:26.661 信息 [main] org.apache.catalina.startup.VersionLoggerListener.log CATALINA_HOME:         E:\project\tmall_springboot\local\tomcat-8.5.23
23-Sep-2018 11:09:26.661 信息 [main] org.apache.catalina.startup.VersionLoggerListener.log Command line argument: -Djava.util.logging.config.file=E:\project\tmall_springboot\local\tomcat-8.5.23\conf\logging.properties
23-Sep-2018 11:09:26.661 信息 [main] org.apache.catalina.startup.VersionLoggerListener.log Command line argument: -Djava.util.logging.manager=org.apache.juli.ClassLoaderLogManager
23-Sep-2018 11:09:26.661 信息 [main] org.apache.catalina.startup.VersionLoggerListener.log Command line argument: -Djdk.tls.ephemeralDHKeySize=2048
23-Sep-2018 11:09:26.661 信息 [main] org.apache.catalina.startup.VersionLoggerListener.log Command line argument: -Djava.protocol.handler.pkgs=org.apache.catalina.webresources
23-Sep-2018 11:09:26.661 信息 [main] org.apache.catalina.startup.VersionLoggerListener.log Command line argument: -Dcatalina.base=E:\project\tmall_springboot\local\tomcat-8.5.23
23-Sep-2018 11:09:26.662 信息 [main] org.apache.catalina.startup.VersionLoggerListener.log Command line argument: -Dcatalina.home=E:\project\tmall_springboot\local\tomcat-8.5.23
23-Sep-2018 11:09:26.663 信息 [main] org.apache.catalina.startup.VersionLoggerListener.log Command line argument: -Djava.io.tmpdir=E:\project\tmall_springboot\local\tomcat-8.5.23\temp
23-Sep-2018 11:09:26.664 信息 [main] org.apache.catalina.core.AprLifecycleListener.lifecycleEvent The APR based Apache Tomcat Native library which allows optimal performance in production environments was not found on the java.library.path: [D:\software\jdk8\bin;C:\Windows\Sun\Java\bin;C:\Windows\system32;C:\Windows;D:\software\jdk8\bin;C:\ProgramData\Oracle\Java\javapath;C:\Windows\system32;C:\Windows;C:\Windows\System32\Wbem;C:\Windows\System32\WindowsPowerShell\v1.0\;C:\Program Files (x86)\NVIDIA Corporation\PhysX\Common;D:\software\apache-maven-3.5.0\bin;d:\software\Git\cmd;C:\Program Files\SourceGear\Common\DiffMerge\;D:/software/winrar;C:\Program Files\nodejs\;C:\Users\X7TI\AppData\Local\Microsoft\WindowsApps;C:\Wind\Wind.NET.Client\WindNET\bin\;C:\Wind\WWT\bin\;C:\Users\X7TI\AppData\Roaming\npm;.]
23-Sep-2018 11:09:26.763 信息 [main] org.apache.coyote.AbstractProtocol.init Initializing ProtocolHandler ["http-nio-8080"]
23-Sep-2018 11:09:26.825 信息 [main] org.apache.tomcat.util.net.NioSelectorPool.getSharedSelector Using a shared selector for servlet write/read
23-Sep-2018 11:09:26.828 信息 [main] org.apache.coyote.AbstractProtocol.init Initializing ProtocolHandler ["ajp-nio-9009"]
23-Sep-2018 11:09:26.830 信息 [main] org.apache.tomcat.util.net.NioSelectorPool.getSharedSelector Using a shared selector for servlet write/read
23-Sep-2018 11:09:26.831 信息 [main] org.apache.catalina.startup.Catalina.load Initialization processed in 448 ms
23-Sep-2018 11:09:26.854 信息 [main] org.apache.catalina.core.StandardService.startInternal Starting service [Catalina]
23-Sep-2018 11:09:26.854 信息 [main] org.apache.catalina.core.StandardEngine.startInternal Starting Servlet Engine: Apache Tomcat/8.5.23
23-Sep-2018 11:09:26.869 信息 [localhost-startStop-1] org.apache.catalina.startup.HostConfig.deployDirectory Deploying web application directory [E:\project\tmall_springboot\local\tomcat-8.5.23\webapps\tmall_springboot]
23-Sep-2018 11:09:32.425 信息 [localhost-startStop-1] org.apache.jasper.servlet.TldScanner.scanJars At least one JAR was scanned for TLDs yet contained no TLDs. Enable debug logging for this logger for a complete list of JARs that were scanned but no TLDs were found in them. Skipping unneeded JARs during scanning can improve startup time and JSP compilation time.
23-Sep-2018 11:09:46.097 信息 [localhost-startStop-1] org.apache.catalina.startup.HostConfig.deployDirectory Deployment of web application directory [E:\project\tmall_springboot\local\tomcat-8.5.23\webapps\tmall_springboot] has finished in [19,228] ms
23-Sep-2018 11:09:46.100 信息 [main] org.apache.coyote.AbstractProtocol.start Starting ProtocolHandler ["http-nio-8080"]
23-Sep-2018 11:09:46.111 信息 [main] org.apache.coyote.AbstractProtocol.start Starting ProtocolHandler ["ajp-nio-9009"]
23-Sep-2018 11:09:46.115 信息 [main] org.apache.catalina.startup.Catalina.start Server startup in 19282 ms
23-Sep-2018 11:10:04.367 信息 [main] org.apache.catalina.startup.VersionLoggerListener.log Server version:        Apache Tomcat/8.5.23
23-Sep-2018 11:10:04.373 信息 [main] org.apache.catalina.startup.VersionLoggerListener.log Server built:          Sep 28 2017 10:30:11 UTC
23-Sep-2018 11:10:04.373 信息 [main] org.apache.catalina.startup.VersionLoggerListener.log Server number:         8.5.23.0
23-Sep-2018 11:10:04.374 信息 [main] org.apache.catalina.startup.VersionLoggerListener.log OS Name:               Windows 10
23-Sep-2018 11:10:04.374 信息 [main] org.apache.catalina.startup.VersionLoggerListener.log OS Version:            10.0
23-Sep-2018 11:10:04.374 信息 [main] org.apache.catalina.startup.VersionLoggerListener.log Architecture:          x86
23-Sep-2018 11:10:04.374 信息 [main] org.apache.catalina.startup.VersionLoggerListener.log Java Home:             D:\software\jdk8\jre
23-Sep-2018 11:10:04.374 信息 [main] org.apache.catalina.startup.VersionLoggerListener.log JVM Version:           1.8.0_65-b17
23-Sep-2018 11:10:04.374 信息 [main] org.apache.catalina.startup.VersionLoggerListener.log JVM Vendor:            Oracle Corporation
23-Sep-2018 11:10:04.375 信息 [main] org.apache.catalina.startup.VersionLoggerListener.log CATALINA_BASE:         E:\project\tmall_springboot\local\tomcat-8.5.23
23-Sep-2018 11:10:04.375 信息 [main] org.apache.catalina.startup.VersionLoggerListener.log CATALINA_HOME:         E:\project\tmall_springboot\local\tomcat-8.5.23
23-Sep-2018 11:10:04.375 信息 [main] org.apache.catalina.startup.VersionLoggerListener.log Command line argument: -Djava.util.logging.config.file=E:\project\tmall_springboot\local\tomcat-8.5.23\conf\logging.properties
23-Sep-2018 11:10:04.375 信息 [main] org.apache.catalina.startup.VersionLoggerListener.log Command line argument: -Djava.util.logging.manager=org.apache.juli.ClassLoaderLogManager
23-Sep-2018 11:10:04.375 信息 [main] org.apache.catalina.startup.VersionLoggerListener.log Command line argument: -Djdk.tls.ephemeralDHKeySize=2048
23-Sep-2018 11:10:04.375 信息 [main] org.apache.catalina.startup.VersionLoggerListener.log Command line argument: -Djava.protocol.handler.pkgs=org.apache.catalina.webresources
23-Sep-2018 11:10:04.375 信息 [main] org.apache.catalina.startup.VersionLoggerListener.log Command line argument: -Dcatalina.base=E:\project\tmall_springboot\local\tomcat-8.5.23
23-Sep-2018 11:10:04.376 信息 [main] org.apache.catalina.startup.VersionLoggerListener.log Command line argument: -Dcatalina.home=E:\project\tmall_springboot\local\tomcat-8.5.23
23-Sep-2018 11:10:04.377 信息 [main] org.apache.catalina.startup.VersionLoggerListener.log Command line argument: -Djava.io.tmpdir=E:\project\tmall_springboot\local\tomcat-8.5.23\temp
23-Sep-2018 11:10:04.378 信息 [main] org.apache.catalina.core.AprLifecycleListener.lifecycleEvent The APR based Apache Tomcat Native library which allows optimal performance in production environments was not found on the java.library.path: [D:\software\jdk8\bin;C:\Windows\Sun\Java\bin;C:\Windows\system32;C:\Windows;D:\software\jdk8\bin;C:\ProgramData\Oracle\Java\javapath;C:\Windows\system32;C:\Windows;C:\Windows\System32\Wbem;C:\Windows\System32\WindowsPowerShell\v1.0\;C:\Program Files (x86)\NVIDIA Corporation\PhysX\Common;D:\software\apache-maven-3.5.0\bin;d:\software\Git\cmd;C:\Program Files\SourceGear\Common\DiffMerge\;D:/software/winrar;C:\Program Files\nodejs\;C:\Users\X7TI\AppData\Local\Microsoft\WindowsApps;C:\Wind\Wind.NET.Client\WindNET\bin\;C:\Wind\WWT\bin\;C:\Users\X7TI\AppData\Roaming\npm;.]
23-Sep-2018 11:10:04.482 信息 [main] org.apache.coyote.AbstractProtocol.init Initializing ProtocolHandler ["http-nio-8080"]
23-Sep-2018 11:10:04.550 信息 [main] org.apache.tomcat.util.net.NioSelectorPool.getSharedSelector Using a shared selector for servlet write/read
23-Sep-2018 11:10:04.553 信息 [main] org.apache.coyote.AbstractProtocol.init Initializing ProtocolHandler ["ajp-nio-9009"]
23-Sep-2018 11:10:04.555 信息 [main] org.apache.tomcat.util.net.NioSelectorPool.getSharedSelector Using a shared selector for servlet write/read
23-Sep-2018 11:10:04.556 信息 [main] org.apache.catalina.startup.Catalina.load Initialization processed in 484 ms
23-Sep-2018 11:10:04.587 信息 [main] org.apache.catalina.core.StandardService.startInternal Starting service [Catalina]
23-Sep-2018 11:10:04.588 信息 [main] org.apache.catalina.core.StandardEngine.startInternal Starting Servlet Engine: Apache Tomcat/8.5.23
23-Sep-2018 11:10:04.605 信息 [localhost-startStop-1] org.apache.catalina.startup.HostConfig.deployDirectory Deploying web application directory [E:\project\tmall_springboot\local\tomcat-8.5.23\webapps\tmall_springboot]
23-Sep-2018 11:10:10.180 信息 [localhost-startStop-1] org.apache.jasper.servlet.TldScanner.scanJars At least one JAR was scanned for TLDs yet contained no TLDs. Enable debug logging for this logger for a complete list of JARs that were scanned but no TLDs were found in them. Skipping unneeded JARs during scanning can improve startup time and JSP compilation time.
23-Sep-2018 11:10:26.224 信息 [localhost-startStop-1] org.apache.catalina.startup.HostConfig.deployDirectory Deployment of web application directory [E:\project\tmall_springboot\local\tomcat-8.5.23\webapps\tmall_springboot] has finished in [21,619] ms
23-Sep-2018 11:10:26.229 信息 [main] org.apache.coyote.AbstractProtocol.start Starting ProtocolHandler ["http-nio-8080"]
23-Sep-2018 11:10:26.240 信息 [main] org.apache.coyote.AbstractProtocol.start Starting ProtocolHandler ["ajp-nio-9009"]
23-Sep-2018 11:10:26.245 信息 [main] org.apache.catalina.startup.Catalina.start Server startup in 21687 ms
23-Sep-2018 11:12:14.514 信息 [Thread-8] org.apache.coyote.AbstractProtocol.pause Pausing ProtocolHandler ["http-nio-8080"]
23-Sep-2018 11:12:14.685 信息 [Thread-8] org.apache.coyote.AbstractProtocol.pause Pausing ProtocolHandler ["ajp-nio-9009"]
23-Sep-2018 11:12:14.811 信息 [Thread-8] org.apache.catalina.core.StandardService.stopInternal Stopping service [Catalina]
23-Sep-2018 11:12:14.837 警告 [localhost-startStop-2] org.apache.catalina.loader.WebappClassLoaderBase.clearReferencesJdbc The web application [tmall_springboot] registered the JDBC driver [com.mysql.jdbc.Driver] but failed to unregister it when the web application was stopped. To prevent a memory leak, the JDBC Driver has been forcibly unregistered.
23-Sep-2018 11:12:14.839 警告 [localhost-startStop-2] org.apache.catalina.loader.WebappClassLoaderBase.clearReferencesThreads The web application [tmall_springboot] appears to have started a thread named [Abandoned connection cleanup thread] but has failed to stop it. This is very likely to create a memory leak. Stack trace of thread:
 java.lang.Object.wait(Native Method)
 java.lang.ref.ReferenceQueue.remove(ReferenceQueue.java:143)
 java.lang.ref.ReferenceQueue.remove(ReferenceQueue.java:164)
 com.mysql.jdbc.NonRegisteringDriver$1.run(NonRegisteringDriver.java:93)
23-Sep-2018 11:12:14.850 信息 [Thread-8] org.apache.coyote.AbstractProtocol.stop Stopping ProtocolHandler ["http-nio-8080"]
23-Sep-2018 11:12:14.852 信息 [Thread-8] org.apache.coyote.AbstractProtocol.stop Stopping ProtocolHandler ["ajp-nio-9009"]
23-Sep-2018 11:12:14.856 信息 [Thread-8] org.apache.coyote.AbstractProtocol.destroy Destroying ProtocolHandler ["http-nio-8080"]
23-Sep-2018 11:12:14.857 信息 [Thread-8] org.apache.coyote.AbstractProtocol.destroy Destroying ProtocolHandler ["ajp-nio-9009"]
23-Sep-2018 11:13:06.048 信息 [main] org.apache.catalina.startup.VersionLoggerListener.log Server version:        Apache Tomcat/8.5.23
23-Sep-2018 11:13:06.055 信息 [main] org.apache.catalina.startup.VersionLoggerListener.log Server built:          Sep 28 2017 10:30:11 UTC
23-Sep-2018 11:13:06.055 信息 [main] org.apache.catalina.startup.VersionLoggerListener.log Server number:         8.5.23.0
23-Sep-2018 11:13:06.056 信息 [main] org.apache.catalina.startup.VersionLoggerListener.log OS Name:               Windows 10
23-Sep-2018 11:13:06.056 信息 [main] org.apache.catalina.startup.VersionLoggerListener.log OS Version:            10.0
23-Sep-2018 11:13:06.056 信息 [main] org.apache.catalina.startup.VersionLoggerListener.log Architecture:          x86
23-Sep-2018 11:13:06.056 信息 [main] org.apache.catalina.startup.VersionLoggerListener.log Java Home:             D:\software\jdk8\jre
23-Sep-2018 11:13:06.057 信息 [main] org.apache.catalina.startup.VersionLoggerListener.log JVM Version:           1.8.0_65-b17
23-Sep-2018 11:13:06.057 信息 [main] org.apache.catalina.startup.VersionLoggerListener.log JVM Vendor:            Oracle Corporation
23-Sep-2018 11:13:06.057 信息 [main] org.apache.catalina.startup.VersionLoggerListener.log CATALINA_BASE:         E:\project\tmall_springboot\local\tomcat-8.5.23
23-Sep-2018 11:13:06.057 信息 [main] org.apache.catalina.startup.VersionLoggerListener.log CATALINA_HOME:         E:\project\tmall_springboot\local\tomcat-8.5.23
23-Sep-2018 11:13:06.057 信息 [main] org.apache.catalina.startup.VersionLoggerListener.log Command line argument: -Djava.util.logging.config.file=E:\project\tmall_springboot\local\tomcat-8.5.23\conf\logging.properties
23-Sep-2018 11:13:06.057 信息 [main] org.apache.catalina.startup.VersionLoggerListener.log Command line argument: -Djava.util.logging.manager=org.apache.juli.ClassLoaderLogManager
23-Sep-2018 11:13:06.057 信息 [main] org.apache.catalina.startup.VersionLoggerListener.log Command line argument: -Djdk.tls.ephemeralDHKeySize=2048
23-Sep-2018 11:13:06.058 信息 [main] org.apache.catalina.startup.VersionLoggerListener.log Command line argument: -Djava.protocol.handler.pkgs=org.apache.catalina.webresources
23-Sep-2018 11:13:06.059 信息 [main] org.apache.catalina.startup.VersionLoggerListener.log Command line argument: -Dcatalina.base=E:\project\tmall_springboot\local\tomcat-8.5.23
23-Sep-2018 11:13:06.059 信息 [main] org.apache.catalina.startup.VersionLoggerListener.log Command line argument: -Dcatalina.home=E:\project\tmall_springboot\local\tomcat-8.5.23
23-Sep-2018 11:13:06.061 信息 [main] org.apache.catalina.startup.VersionLoggerListener.log Command line argument: -Djava.io.tmpdir=E:\project\tmall_springboot\local\tomcat-8.5.23\temp
23-Sep-2018 11:13:06.063 信息 [main] org.apache.catalina.core.AprLifecycleListener.lifecycleEvent The APR based Apache Tomcat Native library which allows optimal performance in production environments was not found on the java.library.path: [D:\software\jdk8\bin;C:\Windows\Sun\Java\bin;C:\Windows\system32;C:\Windows;D:\software\jdk8\bin;C:\ProgramData\Oracle\Java\javapath;C:\Windows\system32;C:\Windows;C:\Windows\System32\Wbem;C:\Windows\System32\WindowsPowerShell\v1.0\;C:\Program Files (x86)\NVIDIA Corporation\PhysX\Common;D:\software\apache-maven-3.5.0\bin;d:\software\Git\cmd;C:\Program Files\SourceGear\Common\DiffMerge\;D:/software/winrar;C:\Program Files\nodejs\;C:\Users\X7TI\AppData\Local\Microsoft\WindowsApps;C:\Wind\Wind.NET.Client\WindNET\bin\;C:\Wind\WWT\bin\;C:\Users\X7TI\AppData\Roaming\npm;.]
23-Sep-2018 11:13:06.169 信息 [main] org.apache.coyote.AbstractProtocol.init Initializing ProtocolHandler ["http-nio-8080"]
23-Sep-2018 11:13:06.238 信息 [main] org.apache.tomcat.util.net.NioSelectorPool.getSharedSelector Using a shared selector for servlet write/read
23-Sep-2018 11:13:06.240 信息 [main] org.apache.coyote.AbstractProtocol.init Initializing ProtocolHandler ["ajp-nio-9009"]
23-Sep-2018 11:13:06.243 信息 [main] org.apache.tomcat.util.net.NioSelectorPool.getSharedSelector Using a shared selector for servlet write/read
23-Sep-2018 11:13:06.243 信息 [main] org.apache.catalina.startup.Catalina.load Initialization processed in 510 ms
23-Sep-2018 11:13:06.268 信息 [main] org.apache.catalina.core.StandardService.startInternal Starting service [Catalina]
23-Sep-2018 11:13:06.268 信息 [main] org.apache.catalina.core.StandardEngine.startInternal Starting Servlet Engine: Apache Tomcat/8.5.23
23-Sep-2018 11:13:06.299 信息 [localhost-startStop-1] org.apache.catalina.startup.HostConfig.deployWAR Deploying web application archive [E:\project\tmall_springboot\local\tomcat-8.5.23\webapps\tmall_springboot.war]
23-Sep-2018 11:13:13.265 信息 [localhost-startStop-1] org.apache.jasper.servlet.TldScanner.scanJars At least one JAR was scanned for TLDs yet contained no TLDs. Enable debug logging for this logger for a complete list of JARs that were scanned but no TLDs were found in them. Skipping unneeded JARs during scanning can improve startup time and JSP compilation time.
23-Sep-2018 11:13:25.705 信息 [localhost-startStop-1] org.apache.catalina.startup.HostConfig.deployWAR Deployment of web application archive [E:\project\tmall_springboot\local\tomcat-8.5.23\webapps\tmall_springboot.war] has finished in [19,406] ms
23-Sep-2018 11:13:25.708 信息 [main] org.apache.coyote.AbstractProtocol.start Starting ProtocolHandler ["http-nio-8080"]
23-Sep-2018 11:13:25.718 信息 [main] org.apache.coyote.AbstractProtocol.start Starting ProtocolHandler ["ajp-nio-9009"]
23-Sep-2018 11:13:25.722 信息 [main] org.apache.catalina.startup.Catalina.start Server startup in 19477 ms
23-Sep-2018 11:14:00.056 信息 [Thread-9] org.apache.coyote.AbstractProtocol.pause Pausing ProtocolHandler ["http-nio-8080"]
23-Sep-2018 11:14:00.239 信息 [Thread-9] org.apache.coyote.AbstractProtocol.pause Pausing ProtocolHandler ["ajp-nio-9009"]
23-Sep-2018 11:14:00.369 信息 [Thread-9] org.apache.catalina.core.StandardService.stopInternal Stopping service [Catalina]
23-Sep-2018 11:14:00.397 警告 [localhost-startStop-2] org.apache.catalina.loader.WebappClassLoaderBase.clearReferencesJdbc The web application [tmall_springboot] registered the JDBC driver [org.hsqldb.jdbc.JDBCDriver] but failed to unregister it when the web application was stopped. To prevent a memory leak, the JDBC Driver has been forcibly unregistered.
23-Sep-2018 11:14:00.399 警告 [localhost-startStop-2] org.apache.catalina.loader.WebappClassLoaderBase.clearReferencesThreads The web application [tmall_springboot] appears to have started a thread named [HSQLDB Timer @e6146c] but has failed to stop it. This is very likely to create a memory leak. Stack trace of thread:
 java.lang.Object.wait(Native Method)
 org.hsqldb.lib.HsqlTimer$TaskQueue.park(Unknown Source)
 org.hsqldb.lib.HsqlTimer.nextTask(Unknown Source)
 org.hsqldb.lib.HsqlTimer$TaskRunner.run(Unknown Source)
 java.lang.Thread.run(Thread.java:745)
23-Sep-2018 11:14:00.409 信息 [Thread-9] org.apache.coyote.AbstractProtocol.stop Stopping ProtocolHandler ["http-nio-8080"]
23-Sep-2018 11:14:00.414 信息 [Thread-9] org.apache.coyote.AbstractProtocol.stop Stopping ProtocolHandler ["ajp-nio-9009"]
23-Sep-2018 11:14:00.417 信息 [Thread-9] org.apache.coyote.AbstractProtocol.destroy Destroying ProtocolHandler ["http-nio-8080"]
23-Sep-2018 11:14:00.419 信息 [Thread-9] org.apache.coyote.AbstractProtocol.destroy Destroying ProtocolHandler ["ajp-nio-9009"]
23-Sep-2018 11:14:24.004 信息 [main] org.apache.catalina.startup.VersionLoggerListener.log Server version:        Apache Tomcat/8.5.23
23-Sep-2018 11:14:24.010 信息 [main] org.apache.catalina.startup.VersionLoggerListener.log Server built:          Sep 28 2017 10:30:11 UTC
23-Sep-2018 11:14:24.010 信息 [main] org.apache.catalina.startup.VersionLoggerListener.log Server number:         8.5.23.0
23-Sep-2018 11:14:24.010 信息 [main] org.apache.catalina.startup.VersionLoggerListener.log OS Name:               Windows 10
23-Sep-2018 11:14:24.010 信息 [main] org.apache.catalina.startup.VersionLoggerListener.log OS Version:            10.0
23-Sep-2018 11:14:24.011 信息 [main] org.apache.catalina.startup.VersionLoggerListener.log Architecture:          x86
23-Sep-2018 11:14:24.011 信息 [main] org.apache.catalina.startup.VersionLoggerListener.log Java Home:             D:\software\jdk8\jre
23-Sep-2018 11:14:24.011 信息 [main] org.apache.catalina.startup.VersionLoggerListener.log JVM Version:           1.8.0_65-b17
23-Sep-2018 11:14:24.011 信息 [main] org.apache.catalina.startup.VersionLoggerListener.log JVM Vendor:            Oracle Corporation
23-Sep-2018 11:14:24.011 信息 [main] org.apache.catalina.startup.VersionLoggerListener.log CATALINA_BASE:         E:\project\tmall_springboot\local\tomcat-8.5.23
23-Sep-2018 11:14:24.011 信息 [main] org.apache.catalina.startup.VersionLoggerListener.log CATALINA_HOME:         E:\project\tmall_springboot\local\tomcat-8.5.23
23-Sep-2018 11:14:24.012 信息 [main] org.apache.catalina.startup.VersionLoggerListener.log Command line argument: -Djava.util.logging.config.file=E:\project\tmall_springboot\local\tomcat-8.5.23\conf\logging.properties
23-Sep-2018 11:14:24.012 信息 [main] org.apache.catalina.startup.VersionLoggerListener.log Command line argument: -Djava.util.logging.manager=org.apache.juli.ClassLoaderLogManager
23-Sep-2018 11:14:24.012 信息 [main] org.apache.catalina.startup.VersionLoggerListener.log Command line argument: -Djdk.tls.ephemeralDHKeySize=2048
23-Sep-2018 11:14:24.012 信息 [main] org.apache.catalina.startup.VersionLoggerListener.log Command line argument: -Djava.protocol.handler.pkgs=org.apache.catalina.webresources
23-Sep-2018 11:14:24.012 信息 [main] org.apache.catalina.startup.VersionLoggerListener.log Command line argument: -Dcatalina.base=E:\project\tmall_springboot\local\tomcat-8.5.23
23-Sep-2018 11:14:24.012 信息 [main] org.apache.catalina.startup.VersionLoggerListener.log Command line argument: -Dcatalina.home=E:\project\tmall_springboot\local\tomcat-8.5.23
23-Sep-2018 11:14:24.013 信息 [main] org.apache.catalina.startup.VersionLoggerListener.log Command line argument: -Djava.io.tmpdir=E:\project\tmall_springboot\local\tomcat-8.5.23\temp
23-Sep-2018 11:14:24.015 信息 [main] org.apache.catalina.core.AprLifecycleListener.lifecycleEvent The APR based Apache Tomcat Native library which allows optimal performance in production environments was not found on the java.library.path: [D:\software\jdk8\bin;C:\Windows\Sun\Java\bin;C:\Windows\system32;C:\Windows;D:\software\jdk8\bin;C:\ProgramData\Oracle\Java\javapath;C:\Windows\system32;C:\Windows;C:\Windows\System32\Wbem;C:\Windows\System32\WindowsPowerShell\v1.0\;C:\Program Files (x86)\NVIDIA Corporation\PhysX\Common;D:\software\apache-maven-3.5.0\bin;d:\software\Git\cmd;C:\Program Files\SourceGear\Common\DiffMerge\;D:/software/winrar;C:\Program Files\nodejs\;C:\Users\X7TI\AppData\Local\Microsoft\WindowsApps;C:\Wind\Wind.NET.Client\WindNET\bin\;C:\Wind\WWT\bin\;C:\Users\X7TI\AppData\Roaming\npm;.]
23-Sep-2018 11:14:24.110 信息 [main] org.apache.coyote.AbstractProtocol.init Initializing ProtocolHandler ["http-nio-8080"]
23-Sep-2018 11:14:24.165 信息 [main] org.apache.tomcat.util.net.NioSelectorPool.getSharedSelector Using a shared selector for servlet write/read
23-Sep-2018 11:14:24.170 信息 [main] org.apache.coyote.AbstractProtocol.init Initializing ProtocolHandler ["ajp-nio-9009"]
23-Sep-2018 11:14:24.173 信息 [main] org.apache.tomcat.util.net.NioSelectorPool.getSharedSelector Using a shared selector for servlet write/read
23-Sep-2018 11:14:24.173 信息 [main] org.apache.catalina.startup.Catalina.load Initialization processed in 435 ms
23-Sep-2018 11:14:24.196 信息 [main] org.apache.catalina.core.StandardService.startInternal Starting service [Catalina]
23-Sep-2018 11:14:24.196 信息 [main] org.apache.catalina.core.StandardEngine.startInternal Starting Servlet Engine: Apache Tomcat/8.5.23
23-Sep-2018 11:14:24.221 信息 [localhost-startStop-1] org.apache.catalina.startup.HostConfig.deployWAR Deploying web application archive [E:\project\tmall_springboot\local\tomcat-8.5.23\webapps\tmall_springboot.war]
23-Sep-2018 11:14:29.418 信息 [localhost-startStop-1] org.apache.jasper.servlet.TldScanner.scanJars At least one JAR was scanned for TLDs yet contained no TLDs. Enable debug logging for this logger for a complete list of JARs that were scanned but no TLDs were found in them. Skipping unneeded JARs during scanning can improve startup time and JSP compilation time.
23-Sep-2018 11:14:41.871 信息 [localhost-startStop-1] org.apache.catalina.startup.HostConfig.deployWAR Deployment of web application archive [E:\project\tmall_springboot\local\tomcat-8.5.23\webapps\tmall_springboot.war] has finished in [17,649] ms
23-Sep-2018 11:14:41.875 信息 [main] org.apache.coyote.AbstractProtocol.start Starting ProtocolHandler ["http-nio-8080"]
23-Sep-2018 11:14:41.884 信息 [main] org.apache.coyote.AbstractProtocol.start Starting ProtocolHandler ["ajp-nio-9009"]
23-Sep-2018 11:14:41.887 信息 [main] org.apache.catalina.startup.Catalina.start Server startup in 17713 ms
23-Sep-2018 11:14:59.741 信息 [Thread-9] org.apache.coyote.AbstractProtocol.pause Pausing ProtocolHandler ["http-nio-8080"]
23-Sep-2018 11:14:59.988 信息 [Thread-9] org.apache.coyote.AbstractProtocol.pause Pausing ProtocolHandler ["ajp-nio-9009"]
23-Sep-2018 11:15:00.168 信息 [Thread-9] org.apache.catalina.core.StandardService.stopInternal Stopping service [Catalina]
23-Sep-2018 11:15:00.186 警告 [localhost-startStop-2] org.apache.catalina.loader.WebappClassLoaderBase.clearReferencesJdbc The web application [tmall_springboot] registered the JDBC driver [org.hsqldb.jdbc.JDBCDriver] but failed to unregister it when the web application was stopped. To prevent a memory leak, the JDBC Driver has been forcibly unregistered.
23-Sep-2018 11:15:00.188 警告 [localhost-startStop-2] org.apache.catalina.loader.WebappClassLoaderBase.clearReferencesThreads The web application [tmall_springboot] appears to have started a thread named [HSQLDB Timer @f5ddaf] but has failed to stop it. This is very likely to create a memory leak. Stack trace of thread:
 java.lang.Object.wait(Native Method)
 org.hsqldb.lib.HsqlTimer$TaskQueue.park(Unknown Source)
 org.hsqldb.lib.HsqlTimer.nextTask(Unknown Source)
 org.hsqldb.lib.HsqlTimer$TaskRunner.run(Unknown Source)
 java.lang.Thread.run(Thread.java:745)
23-Sep-2018 11:15:00.195 信息 [Thread-9] org.apache.coyote.AbstractProtocol.stop Stopping ProtocolHandler ["http-nio-8080"]
23-Sep-2018 11:15:00.199 信息 [Thread-9] org.apache.coyote.AbstractProtocol.stop Stopping ProtocolHandler ["ajp-nio-9009"]
23-Sep-2018 11:15:00.203 信息 [Thread-9] org.apache.coyote.AbstractProtocol.destroy Destroying ProtocolHandler ["http-nio-8080"]
23-Sep-2018 11:15:00.204 信息 [Thread-9] org.apache.coyote.AbstractProtocol.destroy Destroying ProtocolHandler ["ajp-nio-9009"]
23-Sep-2018 11:16:16.508 信息 [main] org.apache.catalina.startup.VersionLoggerListener.log Server version:        Apache Tomcat/8.5.23
23-Sep-2018 11:16:16.514 信息 [main] org.apache.catalina.startup.VersionLoggerListener.log Server built:          Sep 28 2017 10:30:11 UTC
23-Sep-2018 11:16:16.514 信息 [main] org.apache.catalina.startup.VersionLoggerListener.log Server number:         8.5.23.0
23-Sep-2018 11:16:16.515 信息 [main] org.apache.catalina.startup.VersionLoggerListener.log OS Name:               Windows 10
23-Sep-2018 11:16:16.515 信息 [main] org.apache.catalina.startup.VersionLoggerListener.log OS Version:            10.0
23-Sep-2018 11:16:16.515 信息 [main] org.apache.catalina.startup.VersionLoggerListener.log Architecture:          x86
23-Sep-2018 11:16:16.515 信息 [main] org.apache.catalina.startup.VersionLoggerListener.log Java Home:             D:\software\jdk8\jre
23-Sep-2018 11:16:16.515 信息 [main] org.apache.catalina.startup.VersionLoggerListener.log JVM Version:           1.8.0_65-b17
23-Sep-2018 11:16:16.515 信息 [main] org.apache.catalina.startup.VersionLoggerListener.log JVM Vendor:            Oracle Corporation
23-Sep-2018 11:16:16.515 信息 [main] org.apache.catalina.startup.VersionLoggerListener.log CATALINA_BASE:         E:\project\tmall_springboot\local\tomcat-8.5.23
23-Sep-2018 11:16:16.516 信息 [main] org.apache.catalina.startup.VersionLoggerListener.log CATALINA_HOME:         E:\project\tmall_springboot\local\tomcat-8.5.23
23-Sep-2018 11:16:16.516 信息 [main] org.apache.catalina.startup.VersionLoggerListener.log Command line argument: -Djava.util.logging.config.file=E:\project\tmall_springboot\local\tomcat-8.5.23\conf\logging.properties
23-Sep-2018 11:16:16.516 信息 [main] org.apache.catalina.startup.VersionLoggerListener.log Command line argument: -Djava.util.logging.manager=org.apache.juli.ClassLoaderLogManager
23-Sep-2018 11:16:16.516 信息 [main] org.apache.catalina.startup.VersionLoggerListener.log Command line argument: -Djdk.tls.ephemeralDHKeySize=2048
23-Sep-2018 11:16:16.517 信息 [main] org.apache.catalina.startup.VersionLoggerListener.log Command line argument: -Djava.protocol.handler.pkgs=org.apache.catalina.webresources
23-Sep-2018 11:16:16.517 信息 [main] org.apache.catalina.startup.VersionLoggerListener.log Command line argument: -Dcatalina.base=E:\project\tmall_springboot\local\tomcat-8.5.23
23-Sep-2018 11:16:16.517 信息 [main] org.apache.catalina.startup.VersionLoggerListener.log Command line argument: -Dcatalina.home=E:\project\tmall_springboot\local\tomcat-8.5.23
23-Sep-2018 11:16:16.518 信息 [main] org.apache.catalina.startup.VersionLoggerListener.log Command line argument: -Djava.io.tmpdir=E:\project\tmall_springboot\local\tomcat-8.5.23\temp
23-Sep-2018 11:16:16.520 信息 [main] org.apache.catalina.core.AprLifecycleListener.lifecycleEvent The APR based Apache Tomcat Native library which allows optimal performance in production environments was not found on the java.library.path: [D:\software\jdk8\bin;C:\Windows\Sun\Java\bin;C:\Windows\system32;C:\Windows;D:\software\jdk8\bin;C:\ProgramData\Oracle\Java\javapath;C:\Windows\system32;C:\Windows;C:\Windows\System32\Wbem;C:\Windows\System32\WindowsPowerShell\v1.0\;C:\Program Files (x86)\NVIDIA Corporation\PhysX\Common;D:\software\apache-maven-3.5.0\bin;d:\software\Git\cmd;C:\Program Files\SourceGear\Common\DiffMerge\;D:/software/winrar;C:\Program Files\nodejs\;C:\Users\X7TI\AppData\Local\Microsoft\WindowsApps;C:\Wind\Wind.NET.Client\WindNET\bin\;C:\Wind\WWT\bin\;C:\Users\X7TI\AppData\Roaming\npm;.]
23-Sep-2018 11:16:16.615 信息 [main] org.apache.coyote.AbstractProtocol.init Initializing ProtocolHandler ["http-nio-8080"]
23-Sep-2018 11:16:16.669 信息 [main] org.apache.tomcat.util.net.NioSelectorPool.getSharedSelector Using a shared selector for servlet write/read
23-Sep-2018 11:16:16.672 信息 [main] org.apache.coyote.AbstractProtocol.init Initializing ProtocolHandler ["ajp-nio-9009"]
23-Sep-2018 11:16:16.675 信息 [main] org.apache.tomcat.util.net.NioSelectorPool.getSharedSelector Using a shared selector for servlet write/read
23-Sep-2018 11:16:16.675 信息 [main] org.apache.catalina.startup.Catalina.load Initialization processed in 435 ms
23-Sep-2018 11:16:16.697 信息 [main] org.apache.catalina.core.StandardService.startInternal Starting service [Catalina]
23-Sep-2018 11:16:16.698 信息 [main] org.apache.catalina.core.StandardEngine.startInternal Starting Servlet Engine: Apache Tomcat/8.5.23
23-Sep-2018 11:16:16.726 信息 [localhost-startStop-1] org.apache.catalina.startup.HostConfig.deployWAR Deploying web application archive [E:\project\tmall_springboot\local\tomcat-8.5.23\webapps\tmall_springboot.war]
23-Sep-2018 11:16:22.058 信息 [localhost-startStop-1] org.apache.jasper.servlet.TldScanner.scanJars At least one JAR was scanned for TLDs yet contained no TLDs. Enable debug logging for this logger for a complete list of JARs that were scanned but no TLDs were found in them. Skipping unneeded JARs during scanning can improve startup time and JSP compilation time.
23-Sep-2018 11:16:34.565 信息 [localhost-startStop-1] org.apache.catalina.startup.HostConfig.deployWAR Deployment of web application archive [E:\project\tmall_springboot\local\tomcat-8.5.23\webapps\tmall_springboot.war] has finished in [17,838] ms
23-Sep-2018 11:16:34.568 信息 [main] org.apache.coyote.AbstractProtocol.start Starting ProtocolHandler ["http-nio-8080"]
23-Sep-2018 11:16:34.577 信息 [main] org.apache.coyote.AbstractProtocol.start Starting ProtocolHandler ["ajp-nio-9009"]
23-Sep-2018 11:16:34.580 信息 [main] org.apache.catalina.startup.Catalina.start Server startup in 17904 ms
23-Sep-2018 11:20:41.658 信息 [Thread-9] org.apache.coyote.AbstractProtocol.pause Pausing ProtocolHandler ["http-nio-8080"]
23-Sep-2018 11:20:41.866 信息 [Thread-9] org.apache.coyote.AbstractProtocol.pause Pausing ProtocolHandler ["ajp-nio-9009"]
23-Sep-2018 11:20:42.048 信息 [Thread-9] org.apache.catalina.core.StandardService.stopInternal Stopping service [Catalina]
23-Sep-2018 11:20:42.086 警告 [localhost-startStop-2] org.apache.catalina.loader.WebappClassLoaderBase.clearReferencesJdbc The web application [tmall_springboot] registered the JDBC driver [org.hsqldb.jdbc.JDBCDriver] but failed to unregister it when the web application was stopped. To prevent a memory leak, the JDBC Driver has been forcibly unregistered.
23-Sep-2018 11:20:42.089 警告 [localhost-startStop-2] org.apache.catalina.loader.WebappClassLoaderBase.clearReferencesThreads The web application [tmall_springboot] appears to have started a thread named [HSQLDB Timer @10cd253] but has failed to stop it. This is very likely to create a memory leak. Stack trace of thread:
 java.lang.Object.wait(Native Method)
 org.hsqldb.lib.HsqlTimer$TaskQueue.park(Unknown Source)
 org.hsqldb.lib.HsqlTimer.nextTask(Unknown Source)
 org.hsqldb.lib.HsqlTimer$TaskRunner.run(Unknown Source)
 java.lang.Thread.run(Thread.java:745)
23-Sep-2018 11:20:42.104 信息 [Thread-9] org.apache.coyote.AbstractProtocol.stop Stopping ProtocolHandler ["http-nio-8080"]
23-Sep-2018 11:20:42.108 信息 [Thread-9] org.apache.coyote.AbstractProtocol.stop Stopping ProtocolHandler ["ajp-nio-9009"]
23-Sep-2018 11:20:42.112 信息 [Thread-9] org.apache.coyote.AbstractProtocol.destroy Destroying ProtocolHandler ["http-nio-8080"]
23-Sep-2018 11:20:42.114 信息 [Thread-9] org.apache.coyote.AbstractProtocol.destroy Destroying ProtocolHandler ["ajp-nio-9009"]
23-Sep-2018 11:20:55.499 信息 [main] org.apache.catalina.startup.VersionLoggerListener.log Server version:        Apache Tomcat/8.5.23
23-Sep-2018 11:20:55.506 信息 [main] org.apache.catalina.startup.VersionLoggerListener.log Server built:          Sep 28 2017 10:30:11 UTC
23-Sep-2018 11:20:55.506 信息 [main] org.apache.catalina.startup.VersionLoggerListener.log Server number:         8.5.23.0
23-Sep-2018 11:20:55.506 信息 [main] org.apache.catalina.startup.VersionLoggerListener.log OS Name:               Windows 10
23-Sep-2018 11:20:55.506 信息 [main] org.apache.catalina.startup.VersionLoggerListener.log OS Version:            10.0
23-Sep-2018 11:20:55.506 信息 [main] org.apache.catalina.startup.VersionLoggerListener.log Architecture:          x86
23-Sep-2018 11:20:55.506 信息 [main] org.apache.catalina.startup.VersionLoggerListener.log Java Home:             D:\software\jdk8\jre
23-Sep-2018 11:20:55.506 信息 [main] org.apache.catalina.startup.VersionLoggerListener.log JVM Version:           1.8.0_65-b17
23-Sep-2018 11:20:55.507 信息 [main] org.apache.catalina.startup.VersionLoggerListener.log JVM Vendor:            Oracle Corporation
23-Sep-2018 11:20:55.507 信息 [main] org.apache.catalina.startup.VersionLoggerListener.log CATALINA_BASE:         E:\project\tmall_springboot\local\tomcat-8.5.23
23-Sep-2018 11:20:55.507 信息 [main] org.apache.catalina.startup.VersionLoggerListener.log CATALINA_HOME:         E:\project\tmall_springboot\local\tomcat-8.5.23
23-Sep-2018 11:20:55.507 信息 [main] org.apache.catalina.startup.VersionLoggerListener.log Command line argument: -Djava.util.logging.config.file=E:\project\tmall_springboot\local\tomcat-8.5.23\conf\logging.properties
23-Sep-2018 11:20:55.507 信息 [main] org.apache.catalina.startup.VersionLoggerListener.log Command line argument: -Djava.util.logging.manager=org.apache.juli.ClassLoaderLogManager
23-Sep-2018 11:20:55.508 信息 [main] org.apache.catalina.startup.VersionLoggerListener.log Command line argument: -Djdk.tls.ephemeralDHKeySize=2048
23-Sep-2018 11:20:55.508 信息 [main] org.apache.catalina.startup.VersionLoggerListener.log Command line argument: -Djava.protocol.handler.pkgs=org.apache.catalina.webresources
23-Sep-2018 11:20:55.508 信息 [main] org.apache.catalina.startup.VersionLoggerListener.log Command line argument: -Dcatalina.base=E:\project\tmall_springboot\local\tomcat-8.5.23
23-Sep-2018 11:20:55.508 信息 [main] org.apache.catalina.startup.VersionLoggerListener.log Command line argument: -Dcatalina.home=E:\project\tmall_springboot\local\tomcat-8.5.23
23-Sep-2018 11:20:55.511 信息 [main] org.apache.catalina.startup.VersionLoggerListener.log Command line argument: -Djava.io.tmpdir=E:\project\tmall_springboot\local\tomcat-8.5.23\temp
23-Sep-2018 11:20:55.512 信息 [main] org.apache.catalina.core.AprLifecycleListener.lifecycleEvent The APR based Apache Tomcat Native library which allows optimal performance in production environments was not found on the java.library.path: [D:\software\jdk8\bin;C:\Windows\Sun\Java\bin;C:\Windows\system32;C:\Windows;D:\software\jdk8\bin;C:\ProgramData\Oracle\Java\javapath;C:\Windows\system32;C:\Windows;C:\Windows\System32\Wbem;C:\Windows\System32\WindowsPowerShell\v1.0\;C:\Program Files (x86)\NVIDIA Corporation\PhysX\Common;D:\software\apache-maven-3.5.0\bin;d:\software\Git\cmd;C:\Program Files\SourceGear\Common\DiffMerge\;D:/software/winrar;C:\Program Files\nodejs\;C:\Users\X7TI\AppData\Local\Microsoft\WindowsApps;C:\Wind\Wind.NET.Client\WindNET\bin\;C:\Wind\WWT\bin\;C:\Users\X7TI\AppData\Roaming\npm;.]
23-Sep-2018 11:20:55.603 信息 [main] org.apache.coyote.AbstractProtocol.init Initializing ProtocolHandler ["http-nio-8080"]
23-Sep-2018 11:20:55.655 信息 [main] org.apache.tomcat.util.net.NioSelectorPool.getSharedSelector Using a shared selector for servlet write/read
23-Sep-2018 11:20:55.658 信息 [main] org.apache.coyote.AbstractProtocol.init Initializing ProtocolHandler ["ajp-nio-9009"]
23-Sep-2018 11:20:55.661 信息 [main] org.apache.tomcat.util.net.NioSelectorPool.getSharedSelector Using a shared selector for servlet write/read
23-Sep-2018 11:20:55.662 信息 [main] org.apache.catalina.startup.Catalina.load Initialization processed in 415 ms
23-Sep-2018 11:20:55.682 信息 [main] org.apache.catalina.core.StandardService.startInternal Starting service [Catalina]
23-Sep-2018 11:20:55.683 信息 [main] org.apache.catalina.core.StandardEngine.startInternal Starting Servlet Engine: Apache Tomcat/8.5.23
23-Sep-2018 11:20:55.708 信息 [localhost-startStop-1] org.apache.catalina.startup.HostConfig.deployWAR Deploying web application archive [E:\project\tmall_springboot\local\tomcat-8.5.23\webapps\tmall_springboot.war]
23-Sep-2018 11:21:00.868 信息 [localhost-startStop-1] org.apache.jasper.servlet.TldScanner.scanJars At least one JAR was scanned for TLDs yet contained no TLDs. Enable debug logging for this logger for a complete list of JARs that were scanned but no TLDs were found in them. Skipping unneeded JARs during scanning can improve startup time and JSP compilation time.
23-Sep-2018 11:21:12.856 信息 [localhost-startStop-1] org.apache.catalina.startup.HostConfig.deployWAR Deployment of web application archive [E:\project\tmall_springboot\local\tomcat-8.5.23\webapps\tmall_springboot.war] has finished in [17,147] ms
23-Sep-2018 11:21:12.860 信息 [main] org.apache.coyote.AbstractProtocol.start Starting ProtocolHandler ["http-nio-8080"]
23-Sep-2018 11:21:12.870 信息 [main] org.apache.coyote.AbstractProtocol.start Starting ProtocolHandler ["ajp-nio-9009"]
23-Sep-2018 11:21:12.873 信息 [main] org.apache.catalina.startup.Catalina.start Server startup in 17210 ms
23-Sep-2018 11:21:20.798 信息 [Thread-9] org.apache.coyote.AbstractProtocol.pause Pausing ProtocolHandler ["http-nio-8080"]
23-Sep-2018 11:21:21.028 信息 [Thread-9] org.apache.coyote.AbstractProtocol.pause Pausing ProtocolHandler ["ajp-nio-9009"]
23-Sep-2018 11:21:21.244 信息 [Thread-9] org.apache.catalina.core.StandardService.stopInternal Stopping service [Catalina]
23-Sep-2018 11:21:21.266 警告 [localhost-startStop-1] org.apache.catalina.loader.WebappClassLoaderBase.clearReferencesJdbc The web application [tmall_springboot] registered the JDBC driver [org.hsqldb.jdbc.JDBCDriver] but failed to unregister it when the web application was stopped. To prevent a memory leak, the JDBC Driver has been forcibly unregistered.
23-Sep-2018 11:21:21.267 警告 [localhost-startStop-1] org.apache.catalina.loader.WebappClassLoaderBase.clearReferencesThreads The web application [tmall_springboot] appears to have started a thread named [HSQLDB Timer @f5ddaf] but has failed to stop it. This is very likely to create a memory leak. Stack trace of thread:
 java.lang.Object.wait(Native Method)
 org.hsqldb.lib.HsqlTimer$TaskQueue.park(Unknown Source)
 org.hsqldb.lib.HsqlTimer.nextTask(Unknown Source)
 org.hsqldb.lib.HsqlTimer$TaskRunner.run(Unknown Source)
 java.lang.Thread.run(Thread.java:745)
23-Sep-2018 11:21:21.275 信息 [Thread-9] org.apache.coyote.AbstractProtocol.stop Stopping ProtocolHandler ["http-nio-8080"]
23-Sep-2018 11:21:21.279 信息 [Thread-9] org.apache.coyote.AbstractProtocol.stop Stopping ProtocolHandler ["ajp-nio-9009"]
23-Sep-2018 11:21:21.283 信息 [Thread-9] org.apache.coyote.AbstractProtocol.destroy Destroying ProtocolHandler ["http-nio-8080"]
23-Sep-2018 11:21:21.285 信息 [Thread-9] org.apache.coyote.AbstractProtocol.destroy Destroying ProtocolHandler ["ajp-nio-9009"]
23-Sep-2018 11:23:48.754 信息 [main] org.apache.catalina.startup.VersionLoggerListener.log Server version:        Apache Tomcat/8.5.23
23-Sep-2018 11:23:48.761 信息 [main] org.apache.catalina.startup.VersionLoggerListener.log Server built:          Sep 28 2017 10:30:11 UTC
23-Sep-2018 11:23:48.762 信息 [main] org.apache.catalina.startup.VersionLoggerListener.log Server number:         8.5.23.0
23-Sep-2018 11:23:48.762 信息 [main] org.apache.catalina.startup.VersionLoggerListener.log OS Name:               Windows 10
23-Sep-2018 11:23:48.762 信息 [main] org.apache.catalina.startup.VersionLoggerListener.log OS Version:            10.0
23-Sep-2018 11:23:48.763 信息 [main] org.apache.catalina.startup.VersionLoggerListener.log Architecture:          x86
23-Sep-2018 11:23:48.763 信息 [main] org.apache.catalina.startup.VersionLoggerListener.log Java Home:             D:\software\jdk8\jre
23-Sep-2018 11:23:48.763 信息 [main] org.apache.catalina.startup.VersionLoggerListener.log JVM Version:           1.8.0_65-b17
23-Sep-2018 11:23:48.764 信息 [main] org.apache.catalina.startup.VersionLoggerListener.log JVM Vendor:            Oracle Corporation
23-Sep-2018 11:23:48.764 信息 [main] org.apache.catalina.startup.VersionLoggerListener.log CATALINA_BASE:         E:\project\tmall_springboot\local\tomcat-8.5.23
23-Sep-2018 11:23:48.764 信息 [main] org.apache.catalina.startup.VersionLoggerListener.log CATALINA_HOME:         E:\project\tmall_springboot\local\tomcat-8.5.23
23-Sep-2018 11:23:48.764 信息 [main] org.apache.catalina.startup.VersionLoggerListener.log Command line argument: -Djava.util.logging.config.file=E:\project\tmall_springboot\local\tomcat-8.5.23\conf\logging.properties
23-Sep-2018 11:23:48.765 信息 [main] org.apache.catalina.startup.VersionLoggerListener.log Command line argument: -Djava.util.logging.manager=org.apache.juli.ClassLoaderLogManager
23-Sep-2018 11:23:48.765 信息 [main] org.apache.catalina.startup.VersionLoggerListener.log Command line argument: -Djdk.tls.ephemeralDHKeySize=2048
23-Sep-2018 11:23:48.765 信息 [main] org.apache.catalina.startup.VersionLoggerListener.log Command line argument: -Djava.protocol.handler.pkgs=org.apache.catalina.webresources
23-Sep-2018 11:23:48.765 信息 [main] org.apache.catalina.startup.VersionLoggerListener.log Command line argument: -Dcatalina.base=E:\project\tmall_springboot\local\tomcat-8.5.23
23-Sep-2018 11:23:48.765 信息 [main] org.apache.catalina.startup.VersionLoggerListener.log Command line argument: -Dcatalina.home=E:\project\tmall_springboot\local\tomcat-8.5.23
23-Sep-2018 11:23:48.767 信息 [main] org.apache.catalina.startup.VersionLoggerListener.log Command line argument: -Djava.io.tmpdir=E:\project\tmall_springboot\local\tomcat-8.5.23\temp
23-Sep-2018 11:23:48.768 信息 [main] org.apache.catalina.core.AprLifecycleListener.lifecycleEvent The APR based Apache Tomcat Native library which allows optimal performance in production environments was not found on the java.library.path: [D:\software\jdk8\bin;C:\Windows\Sun\Java\bin;C:\Windows\system32;C:\Windows;D:\software\jdk8\bin;C:\ProgramData\Oracle\Java\javapath;C:\Windows\system32;C:\Windows;C:\Windows\System32\Wbem;C:\Windows\System32\WindowsPowerShell\v1.0\;C:\Program Files (x86)\NVIDIA Corporation\PhysX\Common;D:\software\apache-maven-3.5.0\bin;d:\software\Git\cmd;C:\Program Files\SourceGear\Common\DiffMerge\;D:/software/winrar;C:\Program Files\nodejs\;C:\Users\X7TI\AppData\Local\Microsoft\WindowsApps;C:\Wind\Wind.NET.Client\WindNET\bin\;C:\Wind\WWT\bin\;C:\Users\X7TI\AppData\Roaming\npm;.]
23-Sep-2018 11:23:48.875 信息 [main] org.apache.coyote.AbstractProtocol.init Initializing ProtocolHandler ["http-nio-8080"]
23-Sep-2018 11:23:48.939 信息 [main] org.apache.tomcat.util.net.NioSelectorPool.getSharedSelector Using a shared selector for servlet write/read
23-Sep-2018 11:23:48.943 信息 [main] org.apache.coyote.AbstractProtocol.init Initializing ProtocolHandler ["ajp-nio-9009"]
23-Sep-2018 11:23:48.945 信息 [main] org.apache.tomcat.util.net.NioSelectorPool.getSharedSelector Using a shared selector for servlet write/read
23-Sep-2018 11:23:48.945 信息 [main] org.apache.catalina.startup.Catalina.load Initialization processed in 487 ms
23-Sep-2018 11:23:48.970 信息 [main] org.apache.catalina.core.StandardService.startInternal Starting service [Catalina]
23-Sep-2018 11:23:48.970 信息 [main] org.apache.catalina.core.StandardEngine.startInternal Starting Servlet Engine: Apache Tomcat/8.5.23
23-Sep-2018 11:23:49.002 信息 [localhost-startStop-1] org.apache.catalina.startup.HostConfig.deployWAR Deploying web application archive [E:\project\tmall_springboot\local\tomcat-8.5.23\webapps\tmall_springboot.war]
23-Sep-2018 11:25:22.686 信息 [localhost-startStop-1] org.apache.jasper.servlet.TldScanner.scanJars At least one JAR was scanned for TLDs yet contained no TLDs. Enable debug logging for this logger for a complete list of JARs that were scanned but no TLDs were found in them. Skipping unneeded JARs during scanning can improve startup time and JSP compilation time.
23-Sep-2018 11:25:35.160 信息 [localhost-startStop-1] org.apache.catalina.startup.HostConfig.deployWAR Deployment of web application archive [E:\project\tmall_springboot\local\tomcat-8.5.23\webapps\tmall_springboot.war] has finished in [106,159] ms
23-Sep-2018 11:25:35.163 信息 [main] org.apache.coyote.AbstractProtocol.start Starting ProtocolHandler ["http-nio-8080"]
23-Sep-2018 11:25:35.173 信息 [main] org.apache.coyote.AbstractProtocol.start Starting ProtocolHandler ["ajp-nio-9009"]
23-Sep-2018 11:25:35.176 信息 [main] org.apache.catalina.startup.Catalina.start Server startup in 106229 ms
23-Sep-2018 11:27:57.962 信息 [main] org.apache.catalina.startup.VersionLoggerListener.log Server version:        Apache Tomcat/8.5.23
23-Sep-2018 11:27:57.967 信息 [main] org.apache.catalina.startup.VersionLoggerListener.log Server built:          Sep 28 2017 10:30:11 UTC
23-Sep-2018 11:27:57.968 信息 [main] org.apache.catalina.startup.VersionLoggerListener.log Server number:         8.5.23.0
23-Sep-2018 11:27:57.968 信息 [main] org.apache.catalina.startup.VersionLoggerListener.log OS Name:               Windows 10
23-Sep-2018 11:27:57.968 信息 [main] org.apache.catalina.startup.VersionLoggerListener.log OS Version:            10.0
23-Sep-2018 11:27:57.968 信息 [main] org.apache.catalina.startup.VersionLoggerListener.log Architecture:          x86
23-Sep-2018 11:27:57.968 信息 [main] org.apache.catalina.startup.VersionLoggerListener.log Java Home:             D:\software\jdk8\jre
23-Sep-2018 11:27:57.968 信息 [main] org.apache.catalina.startup.VersionLoggerListener.log JVM Version:           1.8.0_65-b17
23-Sep-2018 11:27:57.969 信息 [main] org.apache.catalina.startup.VersionLoggerListener.log JVM Vendor:            Oracle Corporation
23-Sep-2018 11:27:57.969 信息 [main] org.apache.catalina.startup.VersionLoggerListener.log CATALINA_BASE:         E:\project\tmall_springboot\local\tomcat-8.5.23
23-Sep-2018 11:27:57.969 信息 [main] org.apache.catalina.startup.VersionLoggerListener.log CATALINA_HOME:         E:\project\tmall_springboot\local\tomcat-8.5.23
23-Sep-2018 11:27:57.970 信息 [main] org.apache.catalina.startup.VersionLoggerListener.log Command line argument: -Djava.util.logging.config.file=E:\project\tmall_springboot\local\tomcat-8.5.23\conf\logging.properties
23-Sep-2018 11:27:57.970 信息 [main] org.apache.catalina.startup.VersionLoggerListener.log Command line argument: -Djava.util.logging.manager=org.apache.juli.ClassLoaderLogManager
23-Sep-2018 11:27:57.970 信息 [main] org.apache.catalina.startup.VersionLoggerListener.log Command line argument: -Djdk.tls.ephemeralDHKeySize=2048
23-Sep-2018 11:27:57.970 信息 [main] org.apache.catalina.startup.VersionLoggerListener.log Command line argument: -Djava.protocol.handler.pkgs=org.apache.catalina.webresources
23-Sep-2018 11:27:57.970 信息 [main] org.apache.catalina.startup.VersionLoggerListener.log Command line argument: -Dcatalina.base=E:\project\tmall_springboot\local\tomcat-8.5.23
23-Sep-2018 11:27:57.971 信息 [main] org.apache.catalina.startup.VersionLoggerListener.log Command line argument: -Dcatalina.home=E:\project\tmall_springboot\local\tomcat-8.5.23
23-Sep-2018 11:27:57.973 信息 [main] org.apache.catalina.startup.VersionLoggerListener.log Command line argument: -Djava.io.tmpdir=E:\project\tmall_springboot\local\tomcat-8.5.23\temp
23-Sep-2018 11:27:57.974 信息 [main] org.apache.catalina.core.AprLifecycleListener.lifecycleEvent The APR based Apache Tomcat Native library which allows optimal performance in production environments was not found on the java.library.path: [D:\software\jdk8\bin;C:\Windows\Sun\Java\bin;C:\Windows\system32;C:\Windows;D:\software\jdk8\bin;C:\ProgramData\Oracle\Java\javapath;C:\Windows\system32;C:\Windows;C:\Windows\System32\Wbem;C:\Windows\System32\WindowsPowerShell\v1.0\;C:\Program Files (x86)\NVIDIA Corporation\PhysX\Common;D:\software\apache-maven-3.5.0\bin;d:\software\Git\cmd;C:\Program Files\SourceGear\Common\DiffMerge\;D:/software/winrar;C:\Program Files\nodejs\;C:\Users\X7TI\AppData\Local\Microsoft\WindowsApps;C:\Wind\Wind.NET.Client\WindNET\bin\;C:\Wind\WWT\bin\;C:\Users\X7TI\AppData\Roaming\npm;.]
23-Sep-2018 11:27:58.067 信息 [main] org.apache.coyote.AbstractProtocol.init Initializing ProtocolHandler ["http-nio-8080"]
23-Sep-2018 11:27:58.121 信息 [main] org.apache.tomcat.util.net.NioSelectorPool.getSharedSelector Using a shared selector for servlet write/read
23-Sep-2018 11:27:58.124 信息 [main] org.apache.coyote.AbstractProtocol.init Initializing ProtocolHandler ["ajp-nio-9009"]
23-Sep-2018 11:27:58.126 信息 [main] org.apache.tomcat.util.net.NioSelectorPool.getSharedSelector Using a shared selector for servlet write/read
23-Sep-2018 11:27:58.127 信息 [main] org.apache.catalina.startup.Catalina.load Initialization processed in 422 ms
23-Sep-2018 11:27:58.148 信息 [main] org.apache.catalina.core.StandardService.startInternal Starting service [Catalina]
23-Sep-2018 11:27:58.148 信息 [main] org.apache.catalina.core.StandardEngine.startInternal Starting Servlet Engine: Apache Tomcat/8.5.23
23-Sep-2018 11:27:58.176 信息 [localhost-startStop-1] org.apache.catalina.startup.HostConfig.deployWAR Deploying web application archive [E:\project\tmall_springboot\local\tomcat-8.5.23\webapps\tmall_springboot.war]
23-Sep-2018 11:28:17.902 信息 [main] org.apache.catalina.startup.VersionLoggerListener.log Server version:        Apache Tomcat/8.5.23
23-Sep-2018 11:28:17.908 信息 [main] org.apache.catalina.startup.VersionLoggerListener.log Server built:          Sep 28 2017 10:30:11 UTC
23-Sep-2018 11:28:17.908 信息 [main] org.apache.catalina.startup.VersionLoggerListener.log Server number:         8.5.23.0
23-Sep-2018 11:28:17.909 信息 [main] org.apache.catalina.startup.VersionLoggerListener.log OS Name:               Windows 10
23-Sep-2018 11:28:17.909 信息 [main] org.apache.catalina.startup.VersionLoggerListener.log OS Version:            10.0
23-Sep-2018 11:28:17.909 信息 [main] org.apache.catalina.startup.VersionLoggerListener.log Architecture:          x86
23-Sep-2018 11:28:17.909 信息 [main] org.apache.catalina.startup.VersionLoggerListener.log Java Home:             D:\software\jdk8\jre
23-Sep-2018 11:28:17.909 信息 [main] org.apache.catalina.startup.VersionLoggerListener.log JVM Version:           1.8.0_65-b17
23-Sep-2018 11:28:17.910 信息 [main] org.apache.catalina.startup.VersionLoggerListener.log JVM Vendor:            Oracle Corporation
23-Sep-2018 11:28:17.910 信息 [main] org.apache.catalina.startup.VersionLoggerListener.log CATALINA_BASE:         E:\project\tmall_springboot\local\tomcat-8.5.23
23-Sep-2018 11:28:17.910 信息 [main] org.apache.catalina.startup.VersionLoggerListener.log CATALINA_HOME:         E:\project\tmall_springboot\local\tomcat-8.5.23
23-Sep-2018 11:28:17.911 信息 [main] org.apache.catalina.startup.VersionLoggerListener.log Command line argument: -Djava.util.logging.config.file=E:\project\tmall_springboot\local\tomcat-8.5.23\conf\logging.properties
23-Sep-2018 11:28:17.911 信息 [main] org.apache.catalina.startup.VersionLoggerListener.log Command line argument: -Djava.util.logging.manager=org.apache.juli.ClassLoaderLogManager
23-Sep-2018 11:28:17.911 信息 [main] org.apache.catalina.startup.VersionLoggerListener.log Command line argument: -Djdk.tls.ephemeralDHKeySize=2048
23-Sep-2018 11:28:17.911 信息 [main] org.apache.catalina.startup.VersionLoggerListener.log Command line argument: -Djava.protocol.handler.pkgs=org.apache.catalina.webresources
23-Sep-2018 11:28:17.911 信息 [main] org.apache.catalina.startup.VersionLoggerListener.log Command line argument: -Dcatalina.base=E:\project\tmall_springboot\local\tomcat-8.5.23
23-Sep-2018 11:28:17.912 信息 [main] org.apache.catalina.startup.VersionLoggerListener.log Command line argument: -Dcatalina.home=E:\project\tmall_springboot\local\tomcat-8.5.23
23-Sep-2018 11:28:17.913 信息 [main] org.apache.catalina.startup.VersionLoggerListener.log Command line argument: -Djava.io.tmpdir=E:\project\tmall_springboot\local\tomcat-8.5.23\temp
23-Sep-2018 11:28:17.914 信息 [main] org.apache.catalina.core.AprLifecycleListener.lifecycleEvent The APR based Apache Tomcat Native library which allows optimal performance in production environments was not found on the java.library.path: [D:\software\jdk8\bin;C:\Windows\Sun\Java\bin;C:\Windows\system32;C:\Windows;D:\software\jdk8\bin;C:\ProgramData\Oracle\Java\javapath;C:\Windows\system32;C:\Windows;C:\Windows\System32\Wbem;C:\Windows\System32\WindowsPowerShell\v1.0\;C:\Program Files (x86)\NVIDIA Corporation\PhysX\Common;D:\software\apache-maven-3.5.0\bin;d:\software\Git\cmd;C:\Program Files\SourceGear\Common\DiffMerge\;D:/software/winrar;C:\Program Files\nodejs\;C:\Users\X7TI\AppData\Local\Microsoft\WindowsApps;C:\Wind\Wind.NET.Client\WindNET\bin\;C:\Wind\WWT\bin\;C:\Users\X7TI\AppData\Roaming\npm;.]
23-Sep-2018 11:28:18.006 信息 [main] org.apache.coyote.AbstractProtocol.init Initializing ProtocolHandler ["http-nio-8080"]
23-Sep-2018 11:28:18.058 信息 [main] org.apache.tomcat.util.net.NioSelectorPool.getSharedSelector Using a shared selector for servlet write/read
23-Sep-2018 11:28:18.060 信息 [main] org.apache.coyote.AbstractProtocol.init Initializing ProtocolHandler ["ajp-nio-9009"]
23-Sep-2018 11:28:18.063 信息 [main] org.apache.tomcat.util.net.NioSelectorPool.getSharedSelector Using a shared selector for servlet write/read
23-Sep-2018 11:28:18.063 信息 [main] org.apache.catalina.startup.Catalina.load Initialization processed in 414 ms
23-Sep-2018 11:28:18.086 信息 [main] org.apache.catalina.core.StandardService.startInternal Starting service [Catalina]
23-Sep-2018 11:28:18.086 信息 [main] org.apache.catalina.core.StandardEngine.startInternal Starting Servlet Engine: Apache Tomcat/8.5.23
23-Sep-2018 11:28:18.112 信息 [localhost-startStop-1] org.apache.catalina.startup.HostConfig.deployWAR Deploying web application archive [E:\project\tmall_springboot\local\tomcat-8.5.23\webapps\tmall_springboot.war]
23-Sep-2018 11:29:42.363 信息 [main] org.apache.catalina.startup.VersionLoggerListener.log Server version:        Apache Tomcat/8.5.23
23-Sep-2018 11:29:42.369 信息 [main] org.apache.catalina.startup.VersionLoggerListener.log Server built:          Sep 28 2017 10:30:11 UTC
23-Sep-2018 11:29:42.369 信息 [main] org.apache.catalina.startup.VersionLoggerListener.log Server number:         8.5.23.0
23-Sep-2018 11:29:42.369 信息 [main] org.apache.catalina.startup.VersionLoggerListener.log OS Name:               Windows 10
23-Sep-2018 11:29:42.369 信息 [main] org.apache.catalina.startup.VersionLoggerListener.log OS Version:            10.0
23-Sep-2018 11:29:42.369 信息 [main] org.apache.catalina.startup.VersionLoggerListener.log Architecture:          x86
23-Sep-2018 11:29:42.369 信息 [main] org.apache.catalina.startup.VersionLoggerListener.log Java Home:             D:\software\jdk8\jre
23-Sep-2018 11:29:42.370 信息 [main] org.apache.catalina.startup.VersionLoggerListener.log JVM Version:           1.8.0_65-b17
23-Sep-2018 11:29:42.370 信息 [main] org.apache.catalina.startup.VersionLoggerListener.log JVM Vendor:            Oracle Corporation
23-Sep-2018 11:29:42.370 信息 [main] org.apache.catalina.startup.VersionLoggerListener.log CATALINA_BASE:         E:\project\tmall_springboot\local\tomcat-8.5.23
23-Sep-2018 11:29:42.370 信息 [main] org.apache.catalina.startup.VersionLoggerListener.log CATALINA_HOME:         E:\project\tmall_springboot\local\tomcat-8.5.23
23-Sep-2018 11:29:42.370 信息 [main] org.apache.catalina.startup.VersionLoggerListener.log Command line argument: -Djava.util.logging.config.file=E:\project\tmall_springboot\local\tomcat-8.5.23\conf\logging.properties
23-Sep-2018 11:29:42.371 信息 [main] org.apache.catalina.startup.VersionLoggerListener.log Command line argument: -Djava.util.logging.manager=org.apache.juli.ClassLoaderLogManager
23-Sep-2018 11:29:42.371 信息 [main] org.apache.catalina.startup.VersionLoggerListener.log Command line argument: -Djdk.tls.ephemeralDHKeySize=2048
23-Sep-2018 11:29:42.371 信息 [main] org.apache.catalina.startup.VersionLoggerListener.log Command line argument: -Djava.protocol.handler.pkgs=org.apache.catalina.webresources
23-Sep-2018 11:29:42.371 信息 [main] org.apache.catalina.startup.VersionLoggerListener.log Command line argument: -Dcatalina.base=E:\project\tmall_springboot\local\tomcat-8.5.23
23-Sep-2018 11:29:42.371 信息 [main] org.apache.catalina.startup.VersionLoggerListener.log Command line argument: -Dcatalina.home=E:\project\tmall_springboot\local\tomcat-8.5.23
23-Sep-2018 11:29:42.373 信息 [main] org.apache.catalina.startup.VersionLoggerListener.log Command line argument: -Djava.io.tmpdir=E:\project\tmall_springboot\local\tomcat-8.5.23\temp
23-Sep-2018 11:29:42.375 信息 [main] org.apache.catalina.core.AprLifecycleListener.lifecycleEvent The APR based Apache Tomcat Native library which allows optimal performance in production environments was not found on the java.library.path: [D:\software\jdk8\bin;C:\Windows\Sun\Java\bin;C:\Windows\system32;C:\Windows;D:\software\jdk8\bin;C:\ProgramData\Oracle\Java\javapath;C:\Windows\system32;C:\Windows;C:\Windows\System32\Wbem;C:\Windows\System32\WindowsPowerShell\v1.0\;C:\Program Files (x86)\NVIDIA Corporation\PhysX\Common;D:\software\apache-maven-3.5.0\bin;d:\software\Git\cmd;C:\Program Files\SourceGear\Common\DiffMerge\;D:/software/winrar;C:\Program Files\nodejs\;C:\Users\X7TI\AppData\Local\Microsoft\WindowsApps;C:\Wind\Wind.NET.Client\WindNET\bin\;C:\Wind\WWT\bin\;C:\Users\X7TI\AppData\Roaming\npm;.]
23-Sep-2018 11:29:42.467 信息 [main] org.apache.coyote.AbstractProtocol.init Initializing ProtocolHandler ["http-nio-8080"]
23-Sep-2018 11:29:42.522 信息 [main] org.apache.tomcat.util.net.NioSelectorPool.getSharedSelector Using a shared selector for servlet write/read
23-Sep-2018 11:29:42.525 信息 [main] org.apache.coyote.AbstractProtocol.init Initializing ProtocolHandler ["ajp-nio-9009"]
23-Sep-2018 11:29:42.528 信息 [main] org.apache.tomcat.util.net.NioSelectorPool.getSharedSelector Using a shared selector for servlet write/read
23-Sep-2018 11:29:42.529 信息 [main] org.apache.catalina.startup.Catalina.load Initialization processed in 418 ms
23-Sep-2018 11:29:42.552 信息 [main] org.apache.catalina.core.StandardService.startInternal Starting service [Catalina]
23-Sep-2018 11:29:42.552 信息 [main] org.apache.catalina.core.StandardEngine.startInternal Starting Servlet Engine: Apache Tomcat/8.5.23
23-Sep-2018 11:29:42.579 信息 [localhost-startStop-1] org.apache.catalina.startup.HostConfig.deployWAR Deploying web application archive [E:\project\tmall_springboot\local\tomcat-8.5.23\webapps\tmall_springboot.war]
23-Sep-2018 11:29:42.983 警告 [localhost-startStop-1] org.apache.catalina.util.SessionIdGeneratorBase.createSecureRandom Creation of SecureRandom instance for session ID generation using [SHA1PRNG] took [151] milliseconds.
23-Sep-2018 11:29:42.999 信息 [localhost-startStop-1] org.apache.catalina.startup.HostConfig.deployWAR Deployment of web application archive [E:\project\tmall_springboot\local\tomcat-8.5.23\webapps\tmall_springboot.war] has finished in [420] ms
23-Sep-2018 11:29:43.002 信息 [main] org.apache.coyote.AbstractProtocol.start Starting ProtocolHandler ["http-nio-8080"]
23-Sep-2018 11:29:43.012 信息 [main] org.apache.coyote.AbstractProtocol.start Starting ProtocolHandler ["ajp-nio-9009"]
23-Sep-2018 11:29:43.017 信息 [main] org.apache.catalina.startup.Catalina.start Server startup in 487 ms
23-Sep-2018 11:30:02.710 信息 [main] org.apache.catalina.startup.VersionLoggerListener.log Server version:        Apache Tomcat/8.5.23
23-Sep-2018 11:30:02.716 信息 [main] org.apache.catalina.startup.VersionLoggerListener.log Server built:          Sep 28 2017 10:30:11 UTC
23-Sep-2018 11:30:02.716 信息 [main] org.apache.catalina.startup.VersionLoggerListener.log Server number:         8.5.23.0
23-Sep-2018 11:30:02.716 信息 [main] org.apache.catalina.startup.VersionLoggerListener.log OS Name:               Windows 10
23-Sep-2018 11:30:02.716 信息 [main] org.apache.catalina.startup.VersionLoggerListener.log OS Version:            10.0
23-Sep-2018 11:30:02.717 信息 [main] org.apache.catalina.startup.VersionLoggerListener.log Architecture:          x86
23-Sep-2018 11:30:02.717 信息 [main] org.apache.catalina.startup.VersionLoggerListener.log Java Home:             D:\software\jdk8\jre
23-Sep-2018 11:30:02.717 信息 [main] org.apache.catalina.startup.VersionLoggerListener.log JVM Version:           1.8.0_65-b17
23-Sep-2018 11:30:02.717 信息 [main] org.apache.catalina.startup.VersionLoggerListener.log JVM Vendor:            Oracle Corporation
23-Sep-2018 11:30:02.717 信息 [main] org.apache.catalina.startup.VersionLoggerListener.log CATALINA_BASE:         E:\project\tmall_springboot\local\tomcat-8.5.23
23-Sep-2018 11:30:02.718 信息 [main] org.apache.catalina.startup.VersionLoggerListener.log CATALINA_HOME:         E:\project\tmall_springboot\local\tomcat-8.5.23
23-Sep-2018 11:30:02.718 信息 [main] org.apache.catalina.startup.VersionLoggerListener.log Command line argument: -Djava.util.logging.config.file=E:\project\tmall_springboot\local\tomcat-8.5.23\conf\logging.properties
23-Sep-2018 11:30:02.718 信息 [main] org.apache.catalina.startup.VersionLoggerListener.log Command line argument: -Djava.util.logging.manager=org.apache.juli.ClassLoaderLogManager
23-Sep-2018 11:30:02.718 信息 [main] org.apache.catalina.startup.VersionLoggerListener.log Command line argument: -Djdk.tls.ephemeralDHKeySize=2048
23-Sep-2018 11:30:02.718 信息 [main] org.apache.catalina.startup.VersionLoggerListener.log Command line argument: -Djava.protocol.handler.pkgs=org.apache.catalina.webresources
23-Sep-2018 11:30:02.719 信息 [main] org.apache.catalina.startup.VersionLoggerListener.log Command line argument: -Dcatalina.base=E:\project\tmall_springboot\local\tomcat-8.5.23
23-Sep-2018 11:30:02.719 信息 [main] org.apache.catalina.startup.VersionLoggerListener.log Command line argument: -Dcatalina.home=E:\project\tmall_springboot\local\tomcat-8.5.23
23-Sep-2018 11:30:02.720 信息 [main] org.apache.catalina.startup.VersionLoggerListener.log Command line argument: -Djava.io.tmpdir=E:\project\tmall_springboot\local\tomcat-8.5.23\temp
23-Sep-2018 11:30:02.722 信息 [main] org.apache.catalina.core.AprLifecycleListener.lifecycleEvent The APR based Apache Tomcat Native library which allows optimal performance in production environments was not found on the java.library.path: [D:\software\jdk8\bin;C:\Windows\Sun\Java\bin;C:\Windows\system32;C:\Windows;D:\software\jdk8\bin;C:\ProgramData\Oracle\Java\javapath;C:\Windows\system32;C:\Windows;C:\Windows\System32\Wbem;C:\Windows\System32\WindowsPowerShell\v1.0\;C:\Program Files (x86)\NVIDIA Corporation\PhysX\Common;D:\software\apache-maven-3.5.0\bin;d:\software\Git\cmd;C:\Program Files\SourceGear\Common\DiffMerge\;D:/software/winrar;C:\Program Files\nodejs\;C:\Users\X7TI\AppData\Local\Microsoft\WindowsApps;C:\Wind\Wind.NET.Client\WindNET\bin\;C:\Wind\WWT\bin\;C:\Users\X7TI\AppData\Roaming\npm;.]
23-Sep-2018 11:30:02.812 信息 [main] org.apache.coyote.AbstractProtocol.init Initializing ProtocolHandler ["http-nio-8080"]
23-Sep-2018 11:30:02.865 信息 [main] org.apache.tomcat.util.net.NioSelectorPool.getSharedSelector Using a shared selector for servlet write/read
23-Sep-2018 11:30:02.868 信息 [main] org.apache.coyote.AbstractProtocol.init Initializing ProtocolHandler ["ajp-nio-9009"]
23-Sep-2018 11:30:02.870 信息 [main] org.apache.tomcat.util.net.NioSelectorPool.getSharedSelector Using a shared selector for servlet write/read
23-Sep-2018 11:30:02.871 信息 [main] org.apache.catalina.startup.Catalina.load Initialization processed in 415 ms
23-Sep-2018 11:30:02.891 信息 [main] org.apache.catalina.core.StandardService.startInternal Starting service [Catalina]
23-Sep-2018 11:30:02.892 信息 [main] org.apache.catalina.core.StandardEngine.startInternal Starting Servlet Engine: Apache Tomcat/8.5.23
23-Sep-2018 11:30:02.918 信息 [localhost-startStop-1] org.apache.catalina.startup.HostConfig.deployWAR Deploying web application archive [E:\project\tmall_springboot\local\tomcat-8.5.23\webapps\tmall_springboot.war]
23-Sep-2018 11:30:14.212 信息 [localhost-startStop-1] org.apache.jasper.servlet.TldScanner.scanJars At least one JAR was scanned for TLDs yet contained no TLDs. Enable debug logging for this logger for a complete list of JARs that were scanned but no TLDs were found in them. Skipping unneeded JARs during scanning can improve startup time and JSP compilation time.
23-Sep-2018 11:41:13.663 信息 [main] org.apache.catalina.startup.VersionLoggerListener.log Server version:        Apache Tomcat/8.5.23
23-Sep-2018 11:41:13.671 信息 [main] org.apache.catalina.startup.VersionLoggerListener.log Server built:          Sep 28 2017 10:30:11 UTC
23-Sep-2018 11:41:13.671 信息 [main] org.apache.catalina.startup.VersionLoggerListener.log Server number:         8.5.23.0
23-Sep-2018 11:41:13.671 信息 [main] org.apache.catalina.startup.VersionLoggerListener.log OS Name:               Windows 10
23-Sep-2018 11:41:13.671 信息 [main] org.apache.catalina.startup.VersionLoggerListener.log OS Version:            10.0
23-Sep-2018 11:41:13.671 信息 [main] org.apache.catalina.startup.VersionLoggerListener.log Architecture:          x86
23-Sep-2018 11:41:13.672 信息 [main] org.apache.catalina.startup.VersionLoggerListener.log Java Home:             E:\project\tmall_springboot\local\tomcat-8.5.23\jdk\jre
23-Sep-2018 11:41:13.672 信息 [main] org.apache.catalina.startup.VersionLoggerListener.log JVM Version:           1.8.0_65-b17
23-Sep-2018 11:41:13.672 信息 [main] org.apache.catalina.startup.VersionLoggerListener.log JVM Vendor:            Oracle Corporation
23-Sep-2018 11:41:13.672 信息 [main] org.apache.catalina.startup.VersionLoggerListener.log CATALINA_BASE:         E:\project\tmall_springboot\local\tomcat-8.5.23
23-Sep-2018 11:41:13.672 信息 [main] org.apache.catalina.startup.VersionLoggerListener.log CATALINA_HOME:         E:\project\tmall_springboot\local\tomcat-8.5.23
23-Sep-2018 11:41:13.673 信息 [main] org.apache.catalina.startup.VersionLoggerListener.log Command line argument: -Djava.util.logging.config.file=E:\project\tmall_springboot\local\tomcat-8.5.23\conf\logging.properties
23-Sep-2018 11:41:13.673 信息 [main] org.apache.catalina.startup.VersionLoggerListener.log Command line argument: -Djava.util.logging.manager=org.apache.juli.ClassLoaderLogManager
23-Sep-2018 11:41:13.673 信息 [main] org.apache.catalina.startup.VersionLoggerListener.log Command line argument: -Djdk.tls.ephemeralDHKeySize=2048
23-Sep-2018 11:41:13.673 信息 [main] org.apache.catalina.startup.VersionLoggerListener.log Command line argument: -Djava.protocol.handler.pkgs=org.apache.catalina.webresources
23-Sep-2018 11:41:13.673 信息 [main] org.apache.catalina.startup.VersionLoggerListener.log Command line argument: -Dcatalina.base=E:\project\tmall_springboot\local\tomcat-8.5.23
23-Sep-2018 11:41:13.674 信息 [main] org.apache.catalina.startup.VersionLoggerListener.log Command line argument: -Dcatalina.home=E:\project\tmall_springboot\local\tomcat-8.5.23
23-Sep-2018 11:41:13.675 信息 [main] org.apache.catalina.startup.VersionLoggerListener.log Command line argument: -Djava.io.tmpdir=E:\project\tmall_springboot\local\tomcat-8.5.23\temp
23-Sep-2018 11:41:13.676 信息 [main] org.apache.catalina.core.AprLifecycleListener.lifecycleEvent The APR based Apache Tomcat Native library which allows optimal performance in production environments was not found on the java.library.path: [E:\project\tmall_springboot\local\tomcat-8.5.23\jdk\jre\bin;C:\Windows\Sun\Java\bin;C:\Windows\system32;C:\Windows;%JAVA_HOME%\bin;C:\ProgramData\Oracle\Java\javapath;C:\Windows\system32;C:\Windows;C:\Windows\System32\Wbem;C:\Windows\System32\WindowsPowerShell\v1.0\;C:\Program Files (x86)\NVIDIA Corporation\PhysX\Common;D:\software\apache-maven-3.5.0\bin;d:\software\Git\cmd;C:\Program Files\SourceGear\Common\DiffMerge\;D:/software/winrar;C:\Program Files\nodejs\;C:\Users\X7TI\AppData\Local\Microsoft\WindowsApps;C:\Wind\Wind.NET.Client\WindNET\bin\;C:\Wind\WWT\bin\;C:\Users\X7TI\AppData\Roaming\npm;.]
23-Sep-2018 11:41:13.812 信息 [main] org.apache.coyote.AbstractProtocol.init Initializing ProtocolHandler ["http-nio-8080"]
23-Sep-2018 11:41:13.887 信息 [main] org.apache.tomcat.util.net.NioSelectorPool.getSharedSelector Using a shared selector for servlet write/read
23-Sep-2018 11:41:13.890 信息 [main] org.apache.coyote.AbstractProtocol.init Initializing ProtocolHandler ["ajp-nio-9009"]
23-Sep-2018 11:41:13.892 信息 [main] org.apache.tomcat.util.net.NioSelectorPool.getSharedSelector Using a shared selector for servlet write/read
23-Sep-2018 11:41:13.892 信息 [main] org.apache.catalina.startup.Catalina.load Initialization processed in 549 ms
23-Sep-2018 11:41:13.918 信息 [main] org.apache.catalina.core.StandardService.startInternal Starting service [Catalina]
23-Sep-2018 11:41:13.918 信息 [main] org.apache.catalina.core.StandardEngine.startInternal Starting Servlet Engine: Apache Tomcat/8.5.23
23-Sep-2018 11:41:13.933 信息 [localhost-startStop-1] org.apache.catalina.startup.HostConfig.deployDirectory Deploying web application directory [E:\project\tmall_springboot\local\tomcat-8.5.23\webapps\tmall_springboot]
23-Sep-2018 11:41:19.441 信息 [localhost-startStop-1] org.apache.jasper.servlet.TldScanner.scanJars At least one JAR was scanned for TLDs yet contained no TLDs. Enable debug logging for this logger for a complete list of JARs that were scanned but no TLDs were found in them. Skipping unneeded JARs during scanning can improve startup time and JSP compilation time.
