25-Sep-2018 10:11:06.561 信息 [main] org.apache.catalina.startup.VersionLoggerListener.log Server version:        Apache Tomcat/8.5.23
25-Sep-2018 10:11:06.567 信息 [main] org.apache.catalina.startup.VersionLoggerListener.log Server built:          Sep 28 2017 10:30:11 UTC
25-Sep-2018 10:11:06.567 信息 [main] org.apache.catalina.startup.VersionLoggerListener.log Server number:         8.5.23.0
25-Sep-2018 10:11:06.567 信息 [main] org.apache.catalina.startup.VersionLoggerListener.log OS Name:               Windows 10
25-Sep-2018 10:11:06.568 信息 [main] org.apache.catalina.startup.VersionLoggerListener.log OS Version:            10.0
25-Sep-2018 10:11:06.568 信息 [main] org.apache.catalina.startup.VersionLoggerListener.log Architecture:          x86
25-Sep-2018 10:11:06.568 信息 [main] org.apache.catalina.startup.VersionLoggerListener.log Java Home:             E:\project\tomcat_with_jdk_hsqldb_springboot\tomcat-8.5.23\jdk\jre
25-Sep-2018 10:11:06.568 信息 [main] org.apache.catalina.startup.VersionLoggerListener.log JVM Version:           1.8.0_65-b17
25-Sep-2018 10:11:06.568 信息 [main] org.apache.catalina.startup.VersionLoggerListener.log JVM Vendor:            Oracle Corporation
25-Sep-2018 10:11:06.568 信息 [main] org.apache.catalina.startup.VersionLoggerListener.log CATALINA_BASE:         E:\project\tomcat_with_jdk_hsqldb_springboot\tomcat-8.5.23
25-Sep-2018 10:11:06.569 信息 [main] org.apache.catalina.startup.VersionLoggerListener.log CATALINA_HOME:         E:\project\tomcat_with_jdk_hsqldb_springboot\tomcat-8.5.23
25-Sep-2018 10:11:06.569 信息 [main] org.apache.catalina.startup.VersionLoggerListener.log Command line argument: -Djava.util.logging.config.file=E:\project\tomcat_with_jdk_hsqldb_springboot\tomcat-8.5.23\conf\logging.properties
25-Sep-2018 10:11:06.569 信息 [main] org.apache.catalina.startup.VersionLoggerListener.log Command line argument: -Djava.util.logging.manager=org.apache.juli.ClassLoaderLogManager
25-Sep-2018 10:11:06.570 信息 [main] org.apache.catalina.startup.VersionLoggerListener.log Command line argument: -Djdk.tls.ephemeralDHKeySize=2048
25-Sep-2018 10:11:06.570 信息 [main] org.apache.catalina.startup.VersionLoggerListener.log Command line argument: -Djava.protocol.handler.pkgs=org.apache.catalina.webresources
25-Sep-2018 10:11:06.570 信息 [main] org.apache.catalina.startup.VersionLoggerListener.log Command line argument: -Dcatalina.base=E:\project\tomcat_with_jdk_hsqldb_springboot\tomcat-8.5.23
25-Sep-2018 10:11:06.570 信息 [main] org.apache.catalina.startup.VersionLoggerListener.log Command line argument: -Dcatalina.home=E:\project\tomcat_with_jdk_hsqldb_springboot\tomcat-8.5.23
25-Sep-2018 10:11:06.572 信息 [main] org.apache.catalina.startup.VersionLoggerListener.log Command line argument: -Djava.io.tmpdir=E:\project\tomcat_with_jdk_hsqldb_springboot\tomcat-8.5.23\temp
25-Sep-2018 10:11:06.574 信息 [main] org.apache.catalina.core.AprLifecycleListener.lifecycleEvent The APR based Apache Tomcat Native library which allows optimal performance in production environments was not found on the java.library.path: [E:\project\tomcat_with_jdk_hsqldb_springboot\tomcat-8.5.23\jdk\jre\bin;C:\Windows\Sun\Java\bin;C:\Windows\system32;C:\Windows;D:\software\jdk8\bin;C:\ProgramData\Oracle\Java\javapath;C:\Windows\system32;C:\Windows;C:\Windows\System32\Wbem;C:\Windows\System32\WindowsPowerShell\v1.0\;C:\Program Files (x86)\NVIDIA Corporation\PhysX\Common;D:\software\apache-maven-3.5.0\bin;d:\software\Git\cmd;C:\Program Files\SourceGear\Common\DiffMerge\;D:/software/winrar;C:\Program Files\nodejs\;C:\Users\X7TI\AppData\Local\Microsoft\WindowsApps;C:\Wind\Wind.NET.Client\WindNET\bin\;C:\Wind\WWT\bin\;C:\Users\X7TI\AppData\Roaming\npm;.]
25-Sep-2018 10:11:06.707 信息 [main] org.apache.coyote.AbstractProtocol.init Initializing ProtocolHandler ["http-nio-9090"]
25-Sep-2018 10:11:06.764 信息 [main] org.apache.tomcat.util.net.NioSelectorPool.getSharedSelector Using a shared selector for servlet write/read
25-Sep-2018 10:11:06.767 信息 [main] org.apache.coyote.AbstractProtocol.init Initializing ProtocolHandler ["ajp-nio-9009"]
25-Sep-2018 10:11:06.770 信息 [main] org.apache.tomcat.util.net.NioSelectorPool.getSharedSelector Using a shared selector for servlet write/read
25-Sep-2018 10:11:06.770 信息 [main] org.apache.catalina.startup.Catalina.load Initialization processed in 543 ms
25-Sep-2018 10:11:06.796 信息 [main] org.apache.catalina.core.StandardService.startInternal Starting service [Catalina]
25-Sep-2018 10:11:06.797 信息 [main] org.apache.catalina.core.StandardEngine.startInternal Starting Servlet Engine: Apache Tomcat/8.5.23
25-Sep-2018 10:11:06.823 信息 [localhost-startStop-1] org.apache.catalina.startup.HostConfig.deployWAR Deploying web application archive [E:\project\tomcat_with_jdk_hsqldb_springboot\tomcat-8.5.23\webapps\tmall_springboot.war]
25-Sep-2018 10:11:19.181 信息 [localhost-startStop-1] org.apache.jasper.servlet.TldScanner.scanJars At least one JAR was scanned for TLDs yet contained no TLDs. Enable debug logging for this logger for a complete list of JARs that were scanned but no TLDs were found in them. Skipping unneeded JARs during scanning can improve startup time and JSP compilation time.
25-Sep-2018 10:11:32.001 信息 [localhost-startStop-1] org.apache.catalina.startup.HostConfig.deployWAR Deployment of web application archive [E:\project\tomcat_with_jdk_hsqldb_springboot\tomcat-8.5.23\webapps\tmall_springboot.war] has finished in [25,178] ms
25-Sep-2018 10:11:32.004 信息 [main] org.apache.coyote.AbstractProtocol.start Starting ProtocolHandler ["http-nio-9090"]
25-Sep-2018 10:11:32.013 信息 [main] org.apache.coyote.AbstractProtocol.start Starting ProtocolHandler ["ajp-nio-9009"]
25-Sep-2018 10:11:32.017 信息 [main] org.apache.catalina.startup.Catalina.start Server startup in 25246 ms
25-Sep-2018 10:18:23.388 信息 [main] org.apache.catalina.startup.VersionLoggerListener.log Server version:        Apache Tomcat/8.5.23
25-Sep-2018 10:18:23.394 信息 [main] org.apache.catalina.startup.VersionLoggerListener.log Server built:          Sep 28 2017 10:30:11 UTC
25-Sep-2018 10:18:23.394 信息 [main] org.apache.catalina.startup.VersionLoggerListener.log Server number:         8.5.23.0
25-Sep-2018 10:18:23.394 信息 [main] org.apache.catalina.startup.VersionLoggerListener.log OS Name:               Windows 10
25-Sep-2018 10:18:23.395 信息 [main] org.apache.catalina.startup.VersionLoggerListener.log OS Version:            10.0
25-Sep-2018 10:18:23.395 信息 [main] org.apache.catalina.startup.VersionLoggerListener.log Architecture:          x86
25-Sep-2018 10:18:23.395 信息 [main] org.apache.catalina.startup.VersionLoggerListener.log Java Home:             E:\project\tomcat_with_jdk_hsqldb_springboot\tomcat-8.5.23\jdk\jre
25-Sep-2018 10:18:23.395 信息 [main] org.apache.catalina.startup.VersionLoggerListener.log JVM Version:           1.8.0_65-b17
25-Sep-2018 10:18:23.395 信息 [main] org.apache.catalina.startup.VersionLoggerListener.log JVM Vendor:            Oracle Corporation
25-Sep-2018 10:18:23.395 信息 [main] org.apache.catalina.startup.VersionLoggerListener.log CATALINA_BASE:         E:\project\tomcat_with_jdk_hsqldb_springboot\tomcat-8.5.23
25-Sep-2018 10:18:23.395 信息 [main] org.apache.catalina.startup.VersionLoggerListener.log CATALINA_HOME:         E:\project\tomcat_with_jdk_hsqldb_springboot\tomcat-8.5.23
25-Sep-2018 10:18:23.396 信息 [main] org.apache.catalina.startup.VersionLoggerListener.log Command line argument: -Djava.util.logging.config.file=E:\project\tomcat_with_jdk_hsqldb_springboot\tomcat-8.5.23\conf\logging.properties
25-Sep-2018 10:18:23.396 信息 [main] org.apache.catalina.startup.VersionLoggerListener.log Command line argument: -Djava.util.logging.manager=org.apache.juli.ClassLoaderLogManager
25-Sep-2018 10:18:23.396 信息 [main] org.apache.catalina.startup.VersionLoggerListener.log Command line argument: -Djdk.tls.ephemeralDHKeySize=2048
25-Sep-2018 10:18:23.396 信息 [main] org.apache.catalina.startup.VersionLoggerListener.log Command line argument: -Djava.protocol.handler.pkgs=org.apache.catalina.webresources
25-Sep-2018 10:18:23.396 信息 [main] org.apache.catalina.startup.VersionLoggerListener.log Command line argument: -Dcatalina.base=E:\project\tomcat_with_jdk_hsqldb_springboot\tomcat-8.5.23
25-Sep-2018 10:18:23.397 信息 [main] org.apache.catalina.startup.VersionLoggerListener.log Command line argument: -Dcatalina.home=E:\project\tomcat_with_jdk_hsqldb_springboot\tomcat-8.5.23
25-Sep-2018 10:18:23.398 信息 [main] org.apache.catalina.startup.VersionLoggerListener.log Command line argument: -Djava.io.tmpdir=E:\project\tomcat_with_jdk_hsqldb_springboot\tomcat-8.5.23\temp
25-Sep-2018 10:18:23.399 信息 [main] org.apache.catalina.core.AprLifecycleListener.lifecycleEvent The APR based Apache Tomcat Native library which allows optimal performance in production environments was not found on the java.library.path: [E:\project\tomcat_with_jdk_hsqldb_springboot\tomcat-8.5.23\jdk\jre\bin;C:\Windows\Sun\Java\bin;C:\Windows\system32;C:\Windows;D:\software\jdk8\bin;C:\ProgramData\Oracle\Java\javapath;C:\Windows\system32;C:\Windows;C:\Windows\System32\Wbem;C:\Windows\System32\WindowsPowerShell\v1.0\;C:\Program Files (x86)\NVIDIA Corporation\PhysX\Common;D:\software\apache-maven-3.5.0\bin;d:\software\Git\cmd;C:\Program Files\SourceGear\Common\DiffMerge\;D:/software/winrar;C:\Program Files\nodejs\;C:\Users\X7TI\AppData\Local\Microsoft\WindowsApps;C:\Wind\Wind.NET.Client\WindNET\bin\;C:\Wind\WWT\bin\;C:\Users\X7TI\AppData\Roaming\npm;.]
25-Sep-2018 10:18:23.495 信息 [main] org.apache.coyote.AbstractProtocol.init Initializing ProtocolHandler ["http-nio-9090"]
25-Sep-2018 10:18:23.552 信息 [main] org.apache.tomcat.util.net.NioSelectorPool.getSharedSelector Using a shared selector for servlet write/read
25-Sep-2018 10:18:23.555 信息 [main] org.apache.coyote.AbstractProtocol.init Initializing ProtocolHandler ["ajp-nio-9009"]
25-Sep-2018 10:18:23.557 信息 [main] org.apache.tomcat.util.net.NioSelectorPool.getSharedSelector Using a shared selector for servlet write/read
25-Sep-2018 10:18:23.558 信息 [main] org.apache.catalina.startup.Catalina.load Initialization processed in 437 ms
25-Sep-2018 10:18:23.579 信息 [main] org.apache.catalina.core.StandardService.startInternal Starting service [Catalina]
25-Sep-2018 10:18:23.580 信息 [main] org.apache.catalina.core.StandardEngine.startInternal Starting Servlet Engine: Apache Tomcat/8.5.23
25-Sep-2018 10:18:23.593 信息 [localhost-startStop-1] org.apache.catalina.startup.HostConfig.deployDirectory Deploying web application directory [E:\project\tomcat_with_jdk_hsqldb_springboot\tomcat-8.5.23\webapps\tmall_springboot]
25-Sep-2018 10:18:28.759 信息 [localhost-startStop-1] org.apache.jasper.servlet.TldScanner.scanJars At least one JAR was scanned for TLDs yet contained no TLDs. Enable debug logging for this logger for a complete list of JARs that were scanned but no TLDs were found in them. Skipping unneeded JARs during scanning can improve startup time and JSP compilation time.
25-Sep-2018 10:19:00.752 信息 [main] org.apache.catalina.startup.VersionLoggerListener.log Server version:        Apache Tomcat/8.5.23
25-Sep-2018 10:19:00.758 信息 [main] org.apache.catalina.startup.VersionLoggerListener.log Server built:          Sep 28 2017 10:30:11 UTC
25-Sep-2018 10:19:00.758 信息 [main] org.apache.catalina.startup.VersionLoggerListener.log Server number:         8.5.23.0
25-Sep-2018 10:19:00.758 信息 [main] org.apache.catalina.startup.VersionLoggerListener.log OS Name:               Windows 10
25-Sep-2018 10:19:00.759 信息 [main] org.apache.catalina.startup.VersionLoggerListener.log OS Version:            10.0
25-Sep-2018 10:19:00.759 信息 [main] org.apache.catalina.startup.VersionLoggerListener.log Architecture:          x86
25-Sep-2018 10:19:00.759 信息 [main] org.apache.catalina.startup.VersionLoggerListener.log Java Home:             E:\project\tomcat_with_jdk_hsqldb_springboot\tomcat-8.5.23\jdk\jre
25-Sep-2018 10:19:00.759 信息 [main] org.apache.catalina.startup.VersionLoggerListener.log JVM Version:           1.8.0_65-b17
25-Sep-2018 10:19:00.759 信息 [main] org.apache.catalina.startup.VersionLoggerListener.log JVM Vendor:            Oracle Corporation
25-Sep-2018 10:19:00.760 信息 [main] org.apache.catalina.startup.VersionLoggerListener.log CATALINA_BASE:         E:\project\tomcat_with_jdk_hsqldb_springboot\tomcat-8.5.23
25-Sep-2018 10:19:00.760 信息 [main] org.apache.catalina.startup.VersionLoggerListener.log CATALINA_HOME:         E:\project\tomcat_with_jdk_hsqldb_springboot\tomcat-8.5.23
25-Sep-2018 10:19:00.760 信息 [main] org.apache.catalina.startup.VersionLoggerListener.log Command line argument: -Djava.util.logging.config.file=E:\project\tomcat_with_jdk_hsqldb_springboot\tomcat-8.5.23\conf\logging.properties
25-Sep-2018 10:19:00.760 信息 [main] org.apache.catalina.startup.VersionLoggerListener.log Command line argument: -Djava.util.logging.manager=org.apache.juli.ClassLoaderLogManager
25-Sep-2018 10:19:00.761 信息 [main] org.apache.catalina.startup.VersionLoggerListener.log Command line argument: -Djdk.tls.ephemeralDHKeySize=2048
25-Sep-2018 10:19:00.761 信息 [main] org.apache.catalina.startup.VersionLoggerListener.log Command line argument: -Djava.protocol.handler.pkgs=org.apache.catalina.webresources
25-Sep-2018 10:19:00.761 信息 [main] org.apache.catalina.startup.VersionLoggerListener.log Command line argument: -Dcatalina.base=E:\project\tomcat_with_jdk_hsqldb_springboot\tomcat-8.5.23
25-Sep-2018 10:19:00.761 信息 [main] org.apache.catalina.startup.VersionLoggerListener.log Command line argument: -Dcatalina.home=E:\project\tomcat_with_jdk_hsqldb_springboot\tomcat-8.5.23
25-Sep-2018 10:19:00.764 信息 [main] org.apache.catalina.startup.VersionLoggerListener.log Command line argument: -Djava.io.tmpdir=E:\project\tomcat_with_jdk_hsqldb_springboot\tomcat-8.5.23\temp
25-Sep-2018 10:19:00.765 信息 [main] org.apache.catalina.core.AprLifecycleListener.lifecycleEvent The APR based Apache Tomcat Native library which allows optimal performance in production environments was not found on the java.library.path: [E:\project\tomcat_with_jdk_hsqldb_springboot\tomcat-8.5.23\jdk\jre\bin;C:\Windows\Sun\Java\bin;C:\Windows\system32;C:\Windows;D:\software\jdk8\bin;C:\ProgramData\Oracle\Java\javapath;C:\Windows\system32;C:\Windows;C:\Windows\System32\Wbem;C:\Windows\System32\WindowsPowerShell\v1.0\;C:\Program Files (x86)\NVIDIA Corporation\PhysX\Common;D:\software\apache-maven-3.5.0\bin;d:\software\Git\cmd;C:\Program Files\SourceGear\Common\DiffMerge\;D:/software/winrar;C:\Program Files\nodejs\;C:\Users\X7TI\AppData\Local\Microsoft\WindowsApps;C:\Wind\Wind.NET.Client\WindNET\bin\;C:\Wind\WWT\bin\;C:\Users\X7TI\AppData\Roaming\npm;.]
25-Sep-2018 10:19:00.874 信息 [main] org.apache.coyote.AbstractProtocol.init Initializing ProtocolHandler ["http-nio-9090"]
25-Sep-2018 10:19:00.936 信息 [main] org.apache.tomcat.util.net.NioSelectorPool.getSharedSelector Using a shared selector for servlet write/read
25-Sep-2018 10:19:00.938 信息 [main] org.apache.coyote.AbstractProtocol.init Initializing ProtocolHandler ["ajp-nio-9009"]
25-Sep-2018 10:19:00.940 信息 [main] org.apache.tomcat.util.net.NioSelectorPool.getSharedSelector Using a shared selector for servlet write/read
25-Sep-2018 10:19:00.941 信息 [main] org.apache.catalina.startup.Catalina.load Initialization processed in 497 ms
25-Sep-2018 10:19:00.966 信息 [main] org.apache.catalina.core.StandardService.startInternal Starting service [Catalina]
25-Sep-2018 10:19:00.967 信息 [main] org.apache.catalina.core.StandardEngine.startInternal Starting Servlet Engine: Apache Tomcat/8.5.23
25-Sep-2018 10:19:00.982 信息 [localhost-startStop-1] org.apache.catalina.startup.HostConfig.deployDirectory Deploying web application directory [E:\project\tomcat_with_jdk_hsqldb_springboot\tomcat-8.5.23\webapps\tmall_springboot]
25-Sep-2018 10:19:07.417 信息 [localhost-startStop-1] org.apache.jasper.servlet.TldScanner.scanJars At least one JAR was scanned for TLDs yet contained no TLDs. Enable debug logging for this logger for a complete list of JARs that were scanned but no TLDs were found in them. Skipping unneeded JARs during scanning can improve startup time and JSP compilation time.
25-Sep-2018 10:19:24.376 信息 [localhost-startStop-1] org.apache.catalina.startup.HostConfig.deployDirectory Deployment of web application directory [E:\project\tomcat_with_jdk_hsqldb_springboot\tomcat-8.5.23\webapps\tmall_springboot] has finished in [23,393] ms
25-Sep-2018 10:19:24.379 信息 [main] org.apache.coyote.AbstractProtocol.start Starting ProtocolHandler ["http-nio-9090"]
25-Sep-2018 10:19:24.393 信息 [main] org.apache.coyote.AbstractProtocol.start Starting ProtocolHandler ["ajp-nio-9009"]
25-Sep-2018 10:19:24.396 信息 [main] org.apache.catalina.startup.Catalina.start Server startup in 23454 ms
25-Sep-2018 10:25:06.693 信息 [Thread-9] org.apache.coyote.AbstractProtocol.pause Pausing ProtocolHandler ["http-nio-9090"]
25-Sep-2018 10:25:06.866 信息 [Thread-9] org.apache.coyote.AbstractProtocol.pause Pausing ProtocolHandler ["ajp-nio-9009"]
25-Sep-2018 10:25:06.993 信息 [Thread-9] org.apache.catalina.core.StandardService.stopInternal Stopping service [Catalina]
25-Sep-2018 10:25:07.027 警告 [localhost-startStop-2] org.apache.catalina.loader.WebappClassLoaderBase.clearReferencesJdbc The web application [tmall_springboot] registered the JDBC driver [org.hsqldb.jdbc.JDBCDriver] but failed to unregister it when the web application was stopped. To prevent a memory leak, the JDBC Driver has been forcibly unregistered.
25-Sep-2018 10:25:07.029 警告 [localhost-startStop-2] org.apache.catalina.loader.WebappClassLoaderBase.clearReferencesThreads The web application [tmall_springboot] appears to have started a thread named [HSQLDB Timer @1262639] but has failed to stop it. This is very likely to create a memory leak. Stack trace of thread:
 java.lang.Object.wait(Native Method)
 org.hsqldb.lib.HsqlTimer$TaskQueue.park(Unknown Source)
 org.hsqldb.lib.HsqlTimer.nextTask(Unknown Source)
 org.hsqldb.lib.HsqlTimer$TaskRunner.run(Unknown Source)
 java.lang.Thread.run(Thread.java:745)
25-Sep-2018 10:25:07.044 信息 [Thread-9] org.apache.coyote.AbstractProtocol.stop Stopping ProtocolHandler ["http-nio-9090"]
25-Sep-2018 10:25:07.048 信息 [Thread-9] org.apache.coyote.AbstractProtocol.stop Stopping ProtocolHandler ["ajp-nio-9009"]
25-Sep-2018 10:25:07.052 信息 [Thread-9] org.apache.coyote.AbstractProtocol.destroy Destroying ProtocolHandler ["http-nio-9090"]
25-Sep-2018 10:25:07.053 信息 [Thread-9] org.apache.coyote.AbstractProtocol.destroy Destroying ProtocolHandler ["ajp-nio-9009"]
25-Sep-2018 10:44:24.829 信息 [main] org.apache.catalina.startup.VersionLoggerListener.log Server version:        Apache Tomcat/8.5.23
25-Sep-2018 10:44:24.835 信息 [main] org.apache.catalina.startup.VersionLoggerListener.log Server built:          Sep 28 2017 10:30:11 UTC
25-Sep-2018 10:44:24.835 信息 [main] org.apache.catalina.startup.VersionLoggerListener.log Server number:         8.5.23.0
25-Sep-2018 10:44:24.836 信息 [main] org.apache.catalina.startup.VersionLoggerListener.log OS Name:               Windows 10
25-Sep-2018 10:44:24.836 信息 [main] org.apache.catalina.startup.VersionLoggerListener.log OS Version:            10.0
25-Sep-2018 10:44:24.836 信息 [main] org.apache.catalina.startup.VersionLoggerListener.log Architecture:          x86
25-Sep-2018 10:44:24.836 信息 [main] org.apache.catalina.startup.VersionLoggerListener.log Java Home:             E:\project\tomcat_with_jdk_hsqldb_springboot\tomcat-8.5.23\jdk\jre
25-Sep-2018 10:44:24.836 信息 [main] org.apache.catalina.startup.VersionLoggerListener.log JVM Version:           1.8.0_65-b17
25-Sep-2018 10:44:24.837 信息 [main] org.apache.catalina.startup.VersionLoggerListener.log JVM Vendor:            Oracle Corporation
25-Sep-2018 10:44:24.838 信息 [main] org.apache.catalina.startup.VersionLoggerListener.log CATALINA_BASE:         E:\project\tomcat_with_jdk_hsqldb_springboot\tomcat-8.5.23
25-Sep-2018 10:44:24.838 信息 [main] org.apache.catalina.startup.VersionLoggerListener.log CATALINA_HOME:         E:\project\tomcat_with_jdk_hsqldb_springboot\tomcat-8.5.23
25-Sep-2018 10:44:24.838 信息 [main] org.apache.catalina.startup.VersionLoggerListener.log Command line argument: -Djava.util.logging.config.file=E:\project\tomcat_with_jdk_hsqldb_springboot\tomcat-8.5.23\conf\logging.properties
25-Sep-2018 10:44:24.838 信息 [main] org.apache.catalina.startup.VersionLoggerListener.log Command line argument: -Djava.util.logging.manager=org.apache.juli.ClassLoaderLogManager
25-Sep-2018 10:44:24.839 信息 [main] org.apache.catalina.startup.VersionLoggerListener.log Command line argument: -Djdk.tls.ephemeralDHKeySize=2048
25-Sep-2018 10:44:24.839 信息 [main] org.apache.catalina.startup.VersionLoggerListener.log Command line argument: -Djava.protocol.handler.pkgs=org.apache.catalina.webresources
25-Sep-2018 10:44:24.839 信息 [main] org.apache.catalina.startup.VersionLoggerListener.log Command line argument: -Dcatalina.base=E:\project\tomcat_with_jdk_hsqldb_springboot\tomcat-8.5.23
25-Sep-2018 10:44:24.839 信息 [main] org.apache.catalina.startup.VersionLoggerListener.log Command line argument: -Dcatalina.home=E:\project\tomcat_with_jdk_hsqldb_springboot\tomcat-8.5.23
25-Sep-2018 10:44:24.841 信息 [main] org.apache.catalina.startup.VersionLoggerListener.log Command line argument: -Djava.io.tmpdir=E:\project\tomcat_with_jdk_hsqldb_springboot\tomcat-8.5.23\temp
25-Sep-2018 10:44:24.842 信息 [main] org.apache.catalina.core.AprLifecycleListener.lifecycleEvent The APR based Apache Tomcat Native library which allows optimal performance in production environments was not found on the java.library.path: [E:\project\tomcat_with_jdk_hsqldb_springboot\tomcat-8.5.23\jdk\jre\bin;C:\Windows\Sun\Java\bin;C:\Windows\system32;C:\Windows;D:\software\jdk8\bin;C:\ProgramData\Oracle\Java\javapath;C:\Windows\system32;C:\Windows;C:\Windows\System32\Wbem;C:\Windows\System32\WindowsPowerShell\v1.0\;C:\Program Files (x86)\NVIDIA Corporation\PhysX\Common;D:\software\apache-maven-3.5.0\bin;d:\software\Git\cmd;C:\Program Files\SourceGear\Common\DiffMerge\;D:/software/winrar;C:\Program Files\nodejs\;C:\Users\X7TI\AppData\Local\Microsoft\WindowsApps;C:\Wind\Wind.NET.Client\WindNET\bin\;C:\Wind\WWT\bin\;C:\Users\X7TI\AppData\Roaming\npm;.]
25-Sep-2018 10:44:24.944 信息 [main] org.apache.coyote.AbstractProtocol.init Initializing ProtocolHandler ["http-nio-9090"]
25-Sep-2018 10:44:25.005 信息 [main] org.apache.tomcat.util.net.NioSelectorPool.getSharedSelector Using a shared selector for servlet write/read
25-Sep-2018 10:44:25.007 信息 [main] org.apache.coyote.AbstractProtocol.init Initializing ProtocolHandler ["ajp-nio-9009"]
25-Sep-2018 10:44:25.010 信息 [main] org.apache.tomcat.util.net.NioSelectorPool.getSharedSelector Using a shared selector for servlet write/read
25-Sep-2018 10:44:25.010 信息 [main] org.apache.catalina.startup.Catalina.load Initialization processed in 468 ms
25-Sep-2018 10:44:25.034 信息 [main] org.apache.catalina.core.StandardService.startInternal Starting service [Catalina]
25-Sep-2018 10:44:25.035 信息 [main] org.apache.catalina.core.StandardEngine.startInternal Starting Servlet Engine: Apache Tomcat/8.5.23
25-Sep-2018 10:44:25.053 信息 [localhost-startStop-1] org.apache.catalina.startup.HostConfig.deployDirectory Deploying web application directory [E:\project\tomcat_with_jdk_hsqldb_springboot\tomcat-8.5.23\webapps\tmall_springboot]
25-Sep-2018 10:44:30.793 信息 [localhost-startStop-1] org.apache.jasper.servlet.TldScanner.scanJars At least one JAR was scanned for TLDs yet contained no TLDs. Enable debug logging for this logger for a complete list of JARs that were scanned but no TLDs were found in them. Skipping unneeded JARs during scanning can improve startup time and JSP compilation time.
25-Sep-2018 10:44:45.089 信息 [localhost-startStop-1] org.apache.catalina.startup.HostConfig.deployDirectory Deployment of web application directory [E:\project\tomcat_with_jdk_hsqldb_springboot\tomcat-8.5.23\webapps\tmall_springboot] has finished in [20,035] ms
25-Sep-2018 10:44:45.090 信息 [main] org.apache.coyote.AbstractProtocol.start Starting ProtocolHandler ["http-nio-9090"]
25-Sep-2018 10:44:45.100 信息 [main] org.apache.coyote.AbstractProtocol.start Starting ProtocolHandler ["ajp-nio-9009"]
25-Sep-2018 10:44:45.105 信息 [main] org.apache.catalina.startup.Catalina.start Server startup in 20093 ms
25-Sep-2018 10:47:24.334 信息 [Thread-9] org.apache.coyote.AbstractProtocol.pause Pausing ProtocolHandler ["http-nio-9090"]
25-Sep-2018 10:47:24.528 信息 [Thread-9] org.apache.coyote.AbstractProtocol.pause Pausing ProtocolHandler ["ajp-nio-9009"]
25-Sep-2018 10:47:24.674 信息 [Thread-9] org.apache.catalina.core.StandardService.stopInternal Stopping service [Catalina]
25-Sep-2018 10:47:24.713 警告 [localhost-startStop-2] org.apache.catalina.loader.WebappClassLoaderBase.clearReferencesJdbc The web application [tmall_springboot] registered the JDBC driver [org.hsqldb.jdbc.JDBCDriver] but failed to unregister it when the web application was stopped. To prevent a memory leak, the JDBC Driver has been forcibly unregistered.
25-Sep-2018 10:47:24.715 警告 [localhost-startStop-2] org.apache.catalina.loader.WebappClassLoaderBase.clearReferencesThreads The web application [tmall_springboot] appears to have started a thread named [HSQLDB Timer @664496] but has failed to stop it. This is very likely to create a memory leak. Stack trace of thread:
 java.lang.Object.wait(Native Method)
 org.hsqldb.lib.HsqlTimer$TaskQueue.park(Unknown Source)
 org.hsqldb.lib.HsqlTimer.nextTask(Unknown Source)
 org.hsqldb.lib.HsqlTimer$TaskRunner.run(Unknown Source)
 java.lang.Thread.run(Thread.java:745)
25-Sep-2018 10:47:24.723 信息 [Thread-9] org.apache.coyote.AbstractProtocol.stop Stopping ProtocolHandler ["http-nio-9090"]
25-Sep-2018 10:47:24.727 信息 [Thread-9] org.apache.coyote.AbstractProtocol.stop Stopping ProtocolHandler ["ajp-nio-9009"]
25-Sep-2018 10:47:24.730 信息 [Thread-9] org.apache.coyote.AbstractProtocol.destroy Destroying ProtocolHandler ["http-nio-9090"]
25-Sep-2018 10:47:24.732 信息 [Thread-9] org.apache.coyote.AbstractProtocol.destroy Destroying ProtocolHandler ["ajp-nio-9009"]
25-Sep-2018 16:07:09.309 信息 [main] org.apache.catalina.startup.VersionLoggerListener.log Server version:        Apache Tomcat/8.5.23
25-Sep-2018 16:07:09.313 信息 [main] org.apache.catalina.startup.VersionLoggerListener.log Server built:          Sep 28 2017 10:30:11 UTC
25-Sep-2018 16:07:09.313 信息 [main] org.apache.catalina.startup.VersionLoggerListener.log Server number:         8.5.23.0
25-Sep-2018 16:07:09.313 信息 [main] org.apache.catalina.startup.VersionLoggerListener.log OS Name:               Windows 10
25-Sep-2018 16:07:09.314 信息 [main] org.apache.catalina.startup.VersionLoggerListener.log OS Version:            10.0
25-Sep-2018 16:07:09.314 信息 [main] org.apache.catalina.startup.VersionLoggerListener.log Architecture:          x86
25-Sep-2018 16:07:09.314 信息 [main] org.apache.catalina.startup.VersionLoggerListener.log Java Home:             E:\project\tomcat_with_jdk_hsqldb_springboot\tomcat-8.5.23\jdk\jre
25-Sep-2018 16:07:09.314 信息 [main] org.apache.catalina.startup.VersionLoggerListener.log JVM Version:           1.8.0_65-b17
25-Sep-2018 16:07:09.314 信息 [main] org.apache.catalina.startup.VersionLoggerListener.log JVM Vendor:            Oracle Corporation
25-Sep-2018 16:07:09.314 信息 [main] org.apache.catalina.startup.VersionLoggerListener.log CATALINA_BASE:         E:\project\tomcat_with_jdk_hsqldb_springboot\tomcat-8.5.23
25-Sep-2018 16:07:09.314 信息 [main] org.apache.catalina.startup.VersionLoggerListener.log CATALINA_HOME:         E:\project\tomcat_with_jdk_hsqldb_springboot\tomcat-8.5.23
25-Sep-2018 16:07:09.315 信息 [main] org.apache.catalina.startup.VersionLoggerListener.log Command line argument: -Djava.util.logging.config.file=E:\project\tomcat_with_jdk_hsqldb_springboot\tomcat-8.5.23\conf\logging.properties
25-Sep-2018 16:07:09.315 信息 [main] org.apache.catalina.startup.VersionLoggerListener.log Command line argument: -Djava.util.logging.manager=org.apache.juli.ClassLoaderLogManager
25-Sep-2018 16:07:09.315 信息 [main] org.apache.catalina.startup.VersionLoggerListener.log Command line argument: -Djdk.tls.ephemeralDHKeySize=2048
25-Sep-2018 16:07:09.315 信息 [main] org.apache.catalina.startup.VersionLoggerListener.log Command line argument: -Djava.protocol.handler.pkgs=org.apache.catalina.webresources
25-Sep-2018 16:07:09.315 信息 [main] org.apache.catalina.startup.VersionLoggerListener.log Command line argument: -Dcatalina.base=E:\project\tomcat_with_jdk_hsqldb_springboot\tomcat-8.5.23
25-Sep-2018 16:07:09.315 信息 [main] org.apache.catalina.startup.VersionLoggerListener.log Command line argument: -Dcatalina.home=E:\project\tomcat_with_jdk_hsqldb_springboot\tomcat-8.5.23
25-Sep-2018 16:07:09.317 信息 [main] org.apache.catalina.startup.VersionLoggerListener.log Command line argument: -Djava.io.tmpdir=E:\project\tomcat_with_jdk_hsqldb_springboot\tomcat-8.5.23\temp
25-Sep-2018 16:07:09.318 信息 [main] org.apache.catalina.core.AprLifecycleListener.lifecycleEvent The APR based Apache Tomcat Native library which allows optimal performance in production environments was not found on the java.library.path: [E:\project\tomcat_with_jdk_hsqldb_springboot\tomcat-8.5.23\jdk\jre\bin;C:\Windows\Sun\Java\bin;C:\Windows\system32;C:\Windows;D:\software\jdk8\bin;C:\ProgramData\Oracle\Java\javapath;C:\Windows\system32;C:\Windows;C:\Windows\System32\Wbem;C:\Windows\System32\WindowsPowerShell\v1.0\;C:\Program Files (x86)\NVIDIA Corporation\PhysX\Common;D:\software\apache-maven-3.5.0\bin;d:\software\Git\cmd;C:\Program Files\SourceGear\Common\DiffMerge\;D:/software/winrar;C:\Program Files\nodejs\;C:\Users\X7TI\AppData\Local\Microsoft\WindowsApps;C:\Wind\Wind.NET.Client\WindNET\bin\;C:\Wind\WWT\bin\;C:\Users\X7TI\AppData\Roaming\npm;.]
25-Sep-2018 16:07:09.442 信息 [main] org.apache.coyote.AbstractProtocol.init Initializing ProtocolHandler ["http-nio-9090"]
25-Sep-2018 16:07:09.506 信息 [main] org.apache.tomcat.util.net.NioSelectorPool.getSharedSelector Using a shared selector for servlet write/read
25-Sep-2018 16:07:09.509 信息 [main] org.apache.coyote.AbstractProtocol.init Initializing ProtocolHandler ["ajp-nio-9009"]
25-Sep-2018 16:07:09.512 信息 [main] org.apache.tomcat.util.net.NioSelectorPool.getSharedSelector Using a shared selector for servlet write/read
25-Sep-2018 16:07:09.512 信息 [main] org.apache.catalina.startup.Catalina.load Initialization processed in 546 ms
25-Sep-2018 16:07:09.541 信息 [main] org.apache.catalina.core.StandardService.startInternal Starting service [Catalina]
25-Sep-2018 16:07:09.541 信息 [main] org.apache.catalina.core.StandardEngine.startInternal Starting Servlet Engine: Apache Tomcat/8.5.23
25-Sep-2018 16:07:09.557 信息 [localhost-startStop-1] org.apache.catalina.startup.HostConfig.deployDirectory Deploying web application directory [E:\project\tomcat_with_jdk_hsqldb_springboot\tomcat-8.5.23\webapps\tmall_springboot]
25-Sep-2018 16:07:16.062 信息 [localhost-startStop-1] org.apache.jasper.servlet.TldScanner.scanJars At least one JAR was scanned for TLDs yet contained no TLDs. Enable debug logging for this logger for a complete list of JARs that were scanned but no TLDs were found in them. Skipping unneeded JARs during scanning can improve startup time and JSP compilation time.
25-Sep-2018 16:07:29.579 信息 [localhost-startStop-1] org.apache.catalina.startup.HostConfig.deployDirectory Deployment of web application directory [E:\project\tomcat_with_jdk_hsqldb_springboot\tomcat-8.5.23\webapps\tmall_springboot] has finished in [20,022] ms
25-Sep-2018 16:07:29.582 信息 [main] org.apache.coyote.AbstractProtocol.start Starting ProtocolHandler ["http-nio-9090"]
25-Sep-2018 16:07:29.592 信息 [main] org.apache.coyote.AbstractProtocol.start Starting ProtocolHandler ["ajp-nio-9009"]
25-Sep-2018 16:07:29.596 信息 [main] org.apache.catalina.startup.Catalina.start Server startup in 20080 ms
25-Sep-2018 16:15:22.309 信息 [Thread-9] org.apache.coyote.AbstractProtocol.pause Pausing ProtocolHandler ["http-nio-9090"]
25-Sep-2018 16:15:22.534 信息 [Thread-9] org.apache.coyote.AbstractProtocol.pause Pausing ProtocolHandler ["ajp-nio-9009"]
25-Sep-2018 16:15:22.739 信息 [Thread-9] org.apache.catalina.core.StandardService.stopInternal Stopping service [Catalina]
25-Sep-2018 16:15:22.763 警告 [localhost-startStop-2] org.apache.catalina.loader.WebappClassLoaderBase.clearReferencesJdbc The web application [tmall_springboot] registered the JDBC driver [org.hsqldb.jdbc.JDBCDriver] but failed to unregister it when the web application was stopped. To prevent a memory leak, the JDBC Driver has been forcibly unregistered.
25-Sep-2018 16:15:22.764 警告 [localhost-startStop-2] org.apache.catalina.loader.WebappClassLoaderBase.clearReferencesThreads The web application [tmall_springboot] appears to have started a thread named [HSQLDB Timer @81a89d] but has failed to stop it. This is very likely to create a memory leak. Stack trace of thread:
 java.lang.Object.wait(Native Method)
 org.hsqldb.lib.HsqlTimer$TaskQueue.park(Unknown Source)
 org.hsqldb.lib.HsqlTimer.nextTask(Unknown Source)
 org.hsqldb.lib.HsqlTimer$TaskRunner.run(Unknown Source)
 java.lang.Thread.run(Thread.java:745)
25-Sep-2018 16:15:22.775 信息 [Thread-9] org.apache.coyote.AbstractProtocol.stop Stopping ProtocolHandler ["http-nio-9090"]
25-Sep-2018 16:15:22.777 信息 [Thread-9] org.apache.coyote.AbstractProtocol.stop Stopping ProtocolHandler ["ajp-nio-9009"]
25-Sep-2018 16:15:22.780 信息 [Thread-9] org.apache.coyote.AbstractProtocol.destroy Destroying ProtocolHandler ["http-nio-9090"]
25-Sep-2018 16:15:22.781 信息 [Thread-9] org.apache.coyote.AbstractProtocol.destroy Destroying ProtocolHandler ["ajp-nio-9009"]
