23-Sep-2018 11:09:32.503 信息 [localhost-startStop-1] org.apache.catalina.core.ApplicationContext.log 2 Spring WebApplicationInitializers detected on classpath
23-Sep-2018 11:09:40.164 信息 [localhost-startStop-1] org.apache.catalina.core.ApplicationContext.log Initializing Spring embedded WebApplicationContext
23-Sep-2018 11:10:10.259 信息 [localhost-startStop-1] org.apache.catalina.core.ApplicationContext.log 2 Spring WebApplicationInitializers detected on classpath
23-Sep-2018 11:10:19.301 信息 [localhost-startStop-1] org.apache.catalina.core.ApplicationContext.log Initializing Spring embedded WebApplicationContext
23-Sep-2018 11:10:26.338 信息 [http-nio-8080-exec-1] org.apache.catalina.core.ApplicationContext.log Initializing Spring FrameworkServlet 'dispatcherServlet'
23-Sep-2018 11:12:14.816 信息 [localhost-startStop-2] org.apache.catalina.core.ApplicationContext.log Destroying Spring FrameworkServlet 'dispatcherServlet'
23-Sep-2018 11:12:14.828 信息 [localhost-startStop-2] org.apache.catalina.core.ApplicationContext.log Closing Spring root WebApplicationContext
23-Sep-2018 11:13:13.346 信息 [localhost-startStop-1] org.apache.catalina.core.ApplicationContext.log 2 Spring WebApplicationInitializers detected on classpath
23-Sep-2018 11:13:20.461 信息 [localhost-startStop-1] org.apache.catalina.core.ApplicationContext.log Initializing Spring embedded WebApplicationContext
23-Sep-2018 11:13:33.696 信息 [http-nio-8080-exec-1] org.apache.catalina.core.ApplicationContext.log Initializing Spring FrameworkServlet 'dispatcherServlet'
23-Sep-2018 11:14:00.375 信息 [localhost-startStop-2] org.apache.catalina.core.ApplicationContext.log Destroying Spring FrameworkServlet 'dispatcherServlet'
23-Sep-2018 11:14:00.379 信息 [localhost-startStop-2] org.apache.catalina.core.ApplicationContext.log Closing Spring root WebApplicationContext
23-Sep-2018 11:14:29.497 信息 [localhost-startStop-1] org.apache.catalina.core.ApplicationContext.log 2 Spring WebApplicationInitializers detected on classpath
23-Sep-2018 11:14:36.315 信息 [localhost-startStop-1] org.apache.catalina.core.ApplicationContext.log Initializing Spring embedded WebApplicationContext
23-Sep-2018 11:14:41.972 信息 [http-nio-8080-exec-1] org.apache.catalina.core.ApplicationContext.log Initializing Spring FrameworkServlet 'dispatcherServlet'
23-Sep-2018 11:15:00.173 信息 [localhost-startStop-2] org.apache.catalina.core.ApplicationContext.log Destroying Spring FrameworkServlet 'dispatcherServlet'
23-Sep-2018 11:15:00.176 信息 [localhost-startStop-2] org.apache.catalina.core.ApplicationContext.log Closing Spring root WebApplicationContext
23-Sep-2018 11:16:22.145 信息 [localhost-startStop-1] org.apache.catalina.core.ApplicationContext.log 2 Spring WebApplicationInitializers detected on classpath
23-Sep-2018 11:16:29.231 信息 [localhost-startStop-1] org.apache.catalina.core.ApplicationContext.log Initializing Spring embedded WebApplicationContext
23-Sep-2018 11:16:45.249 信息 [http-nio-8080-exec-1] org.apache.catalina.core.ApplicationContext.log Initializing Spring FrameworkServlet 'dispatcherServlet'
23-Sep-2018 11:20:42.055 信息 [localhost-startStop-2] org.apache.catalina.core.ApplicationContext.log Destroying Spring FrameworkServlet 'dispatcherServlet'
23-Sep-2018 11:20:42.060 信息 [localhost-startStop-2] org.apache.catalina.core.ApplicationContext.log Closing Spring root WebApplicationContext
23-Sep-2018 11:21:00.946 信息 [localhost-startStop-1] org.apache.catalina.core.ApplicationContext.log 2 Spring WebApplicationInitializers detected on classpath
23-Sep-2018 11:21:07.621 信息 [localhost-startStop-1] org.apache.catalina.core.ApplicationContext.log Initializing Spring embedded WebApplicationContext
23-Sep-2018 11:21:21.250 信息 [localhost-startStop-1] org.apache.catalina.core.ApplicationContext.log Closing Spring root WebApplicationContext
23-Sep-2018 11:25:22.764 信息 [localhost-startStop-1] org.apache.catalina.core.ApplicationContext.log 2 Spring WebApplicationInitializers detected on classpath
23-Sep-2018 11:25:29.752 信息 [localhost-startStop-1] org.apache.catalina.core.ApplicationContext.log Initializing Spring embedded WebApplicationContext
